<?xml version="1.0" encoding="UTF-8"?>
<robot generator="Robot 7.1.1 (Python 3.13.1 on win32)" generated="2024-12-06T04:01:28.968839" rpa="false" schemaversion="5">
<suite id="s1" name="Iut Login" source="C:\Users\user\Documents\GitHub\automnation\iut_login.robot">
<test id="s1-t1" name="Login Using Credentials From File" line="11">
<kw name="Get File" owner="OperatingSystem">
<msg time="2024-12-06T04:01:29.667242" level="INFO" html="true">Getting file '&lt;a href="file://C:\Users\user\Documents\GitHub\automnation\id.txt"&gt;C:\Users\user\Documents\GitHub\automnation\id.txt&lt;/a&gt;'.</msg>
<msg time="2024-12-06T04:01:29.667861" level="INFO">${username} = i2202003</msg>
<var>${username}</var>
<arg>${ID_FILE}</arg>
<doc>Returns the contents of a specified file.</doc>
<status status="PASS" start="2024-12-06T04:01:29.666883" elapsed="0.001048"/>
</kw>
<kw name="Get File" owner="OperatingSystem">
<msg time="2024-12-06T04:01:29.668613" level="INFO" html="true">Getting file '&lt;a href="file://C:\Users\user\Documents\GitHub\automnation\password.txt"&gt;C:\Users\user\Documents\GitHub\automnation\password.txt&lt;/a&gt;'.</msg>
<msg time="2024-12-06T04:01:29.669108" level="INFO">${password} = Tqd757ov
</msg>
<var>${password}</var>
<arg>${PASSWORD_FILE}</arg>
<doc>Returns the contents of a specified file.</doc>
<status status="PASS" start="2024-12-06T04:01:29.668356" elapsed="0.000822"/>
</kw>
<kw name="Open Browser" owner="SeleniumLibrary">
<msg time="2024-12-06T04:01:29.669930" level="INFO">Opening browser 'chrome' to base url 'https://webmail.univ-lemans.fr/'.</msg>
<arg>${LOGIN_URL}</arg>
<arg>chrome</arg>
<doc>Opens a new browser instance to the optional ``url``.</doc>
<status status="PASS" start="2024-12-06T04:01:29.669595" elapsed="2.870764"/>
</kw>
<kw name="Input Text" owner="SeleniumLibrary">
<msg time="2024-12-06T04:01:32.542374" level="INFO">Typing text 'i2202003' into text field 'id:username'.</msg>
<arg>id:username</arg>
<arg>${username.strip()}</arg>
<doc>Types the given ``text`` into the text field identified by ``locator``.</doc>
<status status="PASS" start="2024-12-06T04:01:32.541173" elapsed="0.165178"/>
</kw>
<kw name="Input Text" owner="SeleniumLibrary">
<msg time="2024-12-06T04:01:32.707786" level="INFO">Typing text 'Tqd757ov' into text field 'id:password'.</msg>
<arg>id:password</arg>
<arg>${password.strip()}</arg>
<doc>Types the given ``text`` into the text field identified by ``locator``.</doc>
<status status="PASS" start="2024-12-06T04:01:32.706854" elapsed="0.130084"/>
</kw>
<kw name="Click Button" owner="SeleniumLibrary">
<msg time="2024-12-06T04:01:32.837739" level="INFO">Clicking button 'xpath=//button[@name="submit"]'.</msg>
<arg>xpath=//button[@name="submit"]</arg>
<doc>Clicks the button identified by ``locator``.</doc>
<status status="PASS" start="2024-12-06T04:01:32.837413" elapsed="0.416894"/>
</kw>
<doc>Logs into the website using credentials from separate files for ID and password.</doc>
<status status="PASS" start="2024-12-06T04:01:29.664682" elapsed="3.590081"/>
</test>
<test id="s1-t2" name="opening first unread mail" line="25">
<kw name="Wait Until Element Is Visible" owner="SeleniumLibrary">
<arg>id:messagelist</arg>
<arg>10</arg>
<doc>Waits until the element ``locator`` is visible.</doc>
<status status="PASS" start="2024-12-06T04:01:33.257825" elapsed="0.965379"/>
</kw>
<kw name="Click Element" owner="SeleniumLibrary">
<msg time="2024-12-06T04:01:34.224025" level="INFO">Clicking element 'xpath=//table[@id="messagelist"]//tbody//tr[contains(@class, "message unread")][1]'.</msg>
<arg>xpath=//table[@id="messagelist"]//tbody//tr[contains(@class, "message unread")][1]</arg>
<doc>Click the element identified by ``locator``.</doc>
<status status="PASS" start="2024-12-06T04:01:34.223709" elapsed="0.125600"/>
</kw>
<status status="PASS" start="2024-12-06T04:01:33.256416" elapsed="1.093616"/>
</test>
<status status="PASS" start="2024-12-06T04:01:28.971945" elapsed="5.380461"/>
</suite>
<statistics>
<total>
<stat pass="2" fail="0" skip="0">All Tests</stat>
</total>
<tag>
</tag>
<suite>
<stat pass="2" fail="0" skip="0" id="s1" name="Iut Login">Iut Login</stat>
</suite>
</statistics>
<errors>
</errors>
</robot>
