<?xml version="1.0" encoding="UTF-8"?>
<robot generator="Robot 7.1.1 (Python 3.13.0 on win32)" generated="2025-03-17T16:41:27.898568" rpa="false" schemaversion="5">
<suite id="s1" name="Tests" source="D:\Admin\Documents\GitHub\mixap\tests">
<suite id="s1-s1" name="001 Open App" source="D:\Admin\Documents\GitHub\mixap\tests\001_open_app.robot">
<test id="s1-s1-t1" name="Open Web Application" line="8">
<kw name="Open Browser" owner="SeleniumLibrary">
<msg time="2025-03-17T16:41:28.069462" level="INFO">Opening browser 'chrome' to base url 'https://localhost:3000'.</msg>
<arg>${URL}</arg>
<arg>chrome</arg>
<doc>Opens a new browser instance to the optional ``url``.</doc>
<status status="PASS" start="2025-03-17T16:41:28.069308" elapsed="1.428472"/>
</kw>
<kw name="Maximize Browser Window" owner="SeleniumLibrary">
<doc>Maximizes current browser window.</doc>
<status status="PASS" start="2025-03-17T16:41:29.498131" elapsed="0.018840"/>
</kw>
<kw name="Sleep" owner="BuiltIn">
<msg time="2025-03-17T16:41:31.517571" level="INFO">Slept 2 seconds.</msg>
<arg>2</arg>
<doc>Pauses the test executed for the given time.</doc>
<status status="PASS" start="2025-03-17T16:41:29.517290" elapsed="2.000518"/>
</kw>
<kw name="Click Element" owner="SeleniumLibrary">
<msg time="2025-03-17T16:41:31.518245" level="INFO">Clicking element 'id=details-button'.</msg>
<arg>id=details-button</arg>
<doc>Click the element identified by ``locator``.</doc>
<status status="PASS" start="2025-03-17T16:41:31.518017" elapsed="0.071763"/>
</kw>
<kw name="Sleep" owner="BuiltIn">
<msg time="2025-03-17T16:41:33.590343" level="INFO">Slept 2 seconds.</msg>
<arg>2</arg>
<doc>Pauses the test executed for the given time.</doc>
<status status="PASS" start="2025-03-17T16:41:31.590039" elapsed="2.000379"/>
</kw>
<kw name="Click Element" owner="SeleniumLibrary">
<msg time="2025-03-17T16:41:33.591018" level="INFO">Clicking element 'id=proceed-link'.</msg>
<arg>id=proceed-link</arg>
<doc>Click the element identified by ``locator``.</doc>
<status status="PASS" start="2025-03-17T16:41:33.590867" elapsed="1.091487"/>
</kw>
<kw name="Title Should Be" owner="SeleniumLibrary">
<msg time="2025-03-17T16:41:34.704536" level="INFO">Page title is 'MIXAP'.</msg>
<arg>MIXAP</arg>
<doc>Verifies that the current page title equals ``title``.</doc>
<status status="PASS" start="2025-03-17T16:41:34.682727" elapsed="0.022044"/>
</kw>
<kw name="Sleep" owner="BuiltIn">
<msg time="2025-03-17T16:41:39.706191" level="INFO">Slept 5 seconds.</msg>
<arg>5</arg>
<doc>Pauses the test executed for the given time.</doc>
<status status="PASS" start="2025-03-17T16:41:34.705801" elapsed="5.000465"/>
</kw>
<kw name="Close All Browsers" owner="SeleniumLibrary">
<doc>Closes all open browsers and resets the browser cache.</doc>
<status status="PASS" start="2025-03-17T16:41:39.706485" elapsed="2.150406"/>
</kw>
<status status="PASS" start="2025-03-17T16:41:28.068782" elapsed="13.788951"/>
</test>
<status status="PASS" start="2025-03-17T16:41:27.914488" elapsed="13.944094"/>
</suite>
<suite id="s1-s2" name="002 Create Empty Augmentation" source="D:\Admin\Documents\GitHub\mixap\tests\002_create_empty_augmentation.robot">
<test id="s1-s2-t1" name="Create empty augementation" line="12">
<kw name="Open Web Application" owner="ressources">
<kw name="Set Chrome Options" owner="ressources">
<kw name="Evaluate" owner="BuiltIn">
<msg time="2025-03-17T16:41:45.946833" level="INFO">${options} = &lt;selenium.webdriver.chrome.options.Options object at 0x000001A18D281F90&gt;</msg>
<var>${options}</var>
<arg>sys.modules['selenium.webdriver'].ChromeOptions()</arg>
<arg>sys</arg>
<doc>Evaluates the given expression in Python and returns the result.</doc>
<status status="PASS" start="2025-03-17T16:41:45.946683" elapsed="0.000167"/>
</kw>
<kw name="Call Method" owner="BuiltIn">
<arg>${options}</arg>
<arg>add_argument</arg>
<arg>--use-fake-ui-for-media-stream</arg>
<doc>Calls the named method of the given object with the provided arguments.</doc>
<status status="PASS" start="2025-03-17T16:41:45.946914" elapsed="0.000066"/>
</kw>
<kw name="Create Dictionary" owner="BuiltIn">
<msg time="2025-03-17T16:41:45.947160" level="INFO">${prefs} = {'profile.default_content_setting_values.media_stream_camera': '1', 'profile.default_content_setting_values.media_stream_mic': '1'}</msg>
<var>${prefs}</var>
<arg>profile.default_content_setting_values.media_stream_camera=1</arg>
<arg>profile.default_content_setting_values.media_stream_mic=1</arg>
<doc>Creates and returns a dictionary based on the given ``items``.</doc>
<status status="PASS" start="2025-03-17T16:41:45.947044" elapsed="0.000130"/>
</kw>
<kw name="Call Method" owner="BuiltIn">
<arg>${options}</arg>
<arg>add_experimental_option</arg>
<arg>prefs</arg>
<arg>${prefs}</arg>
<doc>Calls the named method of the given object with the provided arguments.</doc>
<status status="PASS" start="2025-03-17T16:41:45.947225" elapsed="0.000065"/>
</kw>
<return>
<value>${options}</value>
<status status="PASS" start="2025-03-17T16:41:45.947360" elapsed="0.000032"/>
</return>
<msg time="2025-03-17T16:41:45.947466" level="INFO">${chrome_options} = &lt;selenium.webdriver.chrome.options.Options object at 0x000001A18D281F90&gt;</msg>
<var>${chrome_options}</var>
<doc>Défini les paramètres du navigateur au besoin décommenter la ligne pour utiliser un flux caméra fictif</doc>
<status status="PASS" start="2025-03-17T16:41:45.946528" elapsed="0.000951"/>
</kw>
<kw name="Close All Browsers" owner="SeleniumLibrary">
<doc>Closes all open browsers and resets the browser cache.</doc>
<status status="PASS" start="2025-03-17T16:41:45.947536" elapsed="0.000060"/>
</kw>
<kw name="Open Browser" owner="SeleniumLibrary">
<msg time="2025-03-17T16:41:45.947754" level="INFO">Opening browser 'chrome' to base url 'https://localhost:3000'.</msg>
<arg>${URL}</arg>
<arg>chrome</arg>
<arg>options=${CHROME_OPTIONS}</arg>
<doc>Opens a new browser instance to the optional ``url``.</doc>
<status status="PASS" start="2025-03-17T16:41:45.947649" elapsed="1.400654"/>
</kw>
<kw name="Wait Until Element Is Visible" owner="SeleniumLibrary">
<arg>id=details-button</arg>
<arg>timeout=10s</arg>
<doc>Waits until the element ``locator`` is visible.</doc>
<status status="PASS" start="2025-03-17T16:41:47.348460" elapsed="0.028131"/>
</kw>
<kw name="Click Element" owner="SeleniumLibrary">
<msg time="2025-03-17T16:41:47.376851" level="INFO">Clicking element 'id=details-button'.</msg>
<arg>id=details-button</arg>
<doc>Click the element identified by ``locator``.</doc>
<status status="PASS" start="2025-03-17T16:41:47.376725" elapsed="0.033875"/>
</kw>
<kw name="Wait Until Element Is Visible" owner="SeleniumLibrary">
<arg>id=proceed-link</arg>
<arg>timeout=10s</arg>
<doc>Waits until the element ``locator`` is visible.</doc>
<status status="PASS" start="2025-03-17T16:41:47.410728" elapsed="0.009268"/>
</kw>
<kw name="Click Element" owner="SeleniumLibrary">
<msg time="2025-03-17T16:41:47.420208" level="INFO">Clicking element 'id=proceed-link'.</msg>
<arg>id=proceed-link</arg>
<doc>Click the element identified by ``locator``.</doc>
<status status="PASS" start="2025-03-17T16:41:47.420106" elapsed="1.019227"/>
</kw>
<kw name="Title Should Be" owner="SeleniumLibrary">
<msg time="2025-03-17T16:41:48.462910" level="INFO">Page title is 'MIXAP'.</msg>
<arg>MIXAP</arg>
<arg>timeout 10s</arg>
<doc>Verifies that the current page title equals ``title``.</doc>
<status status="PASS" start="2025-03-17T16:41:48.439483" elapsed="0.023500"/>
</kw>
<kw name="Wait Until Element Is Visible" owner="SeleniumLibrary">
<arg>xpath=//button[span[text()='Activity']]</arg>
<doc>Waits until the element ``locator`` is visible.</doc>
<status status="PASS" start="2025-03-17T16:41:48.463106" elapsed="0.240995"/>
</kw>
<doc>ouvre le site avec le navigateur chrome en suivant les paramètres</doc>
<status status="PASS" start="2025-03-17T16:41:45.946235" elapsed="2.757941"/>
</kw>
<kw name="Create Activity" owner="ressources">
<kw name="Click Element" owner="SeleniumLibrary">
<msg time="2025-03-17T16:41:48.704924" level="INFO">Clicking element 'xpath=//button[span[text()='Activity']]'.</msg>
<arg>xpath=//button[span[text()='Activity']]</arg>
<doc>Click the element identified by ``locator``.</doc>
<status status="PASS" start="2025-03-17T16:41:48.704697" elapsed="0.055824"/>
</kw>
<kw name="Wait Until Element Is Visible" owner="SeleniumLibrary">
<arg>xpath=//div[h5[text()='Image Augmentation']]</arg>
<doc>Waits until the element ``locator`` is visible.</doc>
<status status="PASS" start="2025-03-17T16:41:48.760656" elapsed="0.223347"/>
</kw>
<doc>clic sur le bouton création d'activité</doc>
<status status="PASS" start="2025-03-17T16:41:48.704513" elapsed="0.279563"/>
</kw>
<status status="PASS" start="2025-03-17T16:41:45.945972" elapsed="3.038313"/>
</test>
<test id="s1-s2-t2" name="Select Type" line="16">
<kw name="Select Activity Type" owner="ressources">
<kw name="Click Element" owner="SeleniumLibrary">
<msg time="2025-03-17T16:41:48.985218" level="INFO">Clicking element 'xpath=//div[h5[text()='Image Augmentation']]'.</msg>
<arg>xpath=//div[h5[text()='${activity_type}']]</arg>
<doc>Click the element identified by ``locator``.</doc>
<status status="PASS" start="2025-03-17T16:41:48.985089" elapsed="0.057369"/>
</kw>
<kw name="Wait Until Element Is Visible" owner="SeleniumLibrary">
<arg>xpath=//span[@id='title_editor']/div[@role='button']</arg>
<doc>Waits until the element ``locator`` is visible.</doc>
<status status="PASS" start="2025-03-17T16:41:49.042584" elapsed="0.041514"/>
</kw>
<arg>Image Augmentation</arg>
<doc>Select the activity type using a parameter</doc>
<status status="PASS" start="2025-03-17T16:41:48.984933" elapsed="0.099244"/>
</kw>
<status status="PASS" start="2025-03-17T16:41:48.984695" elapsed="0.099705"/>
</test>
<test id="s1-s2-t3" name="Edit activity details" line="19">
<kw name="Edit Activity Title" owner="ressources">
<kw name="Click Element" owner="SeleniumLibrary">
<msg time="2025-03-17T16:41:49.085208" level="INFO">Clicking element 'xpath=//span[@id='title_editor']/div[@role='button']'.</msg>
<arg>xpath=//span[@id='title_editor']/div[@role='button']</arg>
<doc>Click the element identified by ``locator``.</doc>
<status status="PASS" start="2025-03-17T16:41:49.085104" elapsed="0.234742"/>
</kw>
<kw name="Wait Until Element Is Visible" owner="SeleniumLibrary">
<arg>xpath=//textarea[not(contains(@style, 'visibility:hidden'))]</arg>
<arg>5s</arg>
<doc>Waits until the element ``locator`` is visible.</doc>
<status status="PASS" start="2025-03-17T16:41:49.319973" elapsed="0.012914"/>
</kw>
<kw name="Execute Javascript" owner="SeleniumLibrary">
<msg time="2025-03-17T16:41:49.333271" level="INFO">Executing JavaScript:
document.querySelector("textarea:not([style*='visibility:hidden'])").value = "activité numéro 1";
Without any arguments.</msg>
<arg>document.querySelector("textarea:not([style*='visibility:hidden'])").value = "${title}";</arg>
<doc>Executes the given JavaScript code with possible arguments.</doc>
<status status="PASS" start="2025-03-17T16:41:49.333007" elapsed="0.002804"/>
</kw>
<kw name="Press Keys" owner="SeleniumLibrary">
<msg time="2025-03-17T16:41:49.336089" level="INFO">Sending key(s) ('RETURN',) to xpath=//textarea[not(contains(@style, 'visibility:hidden'))] element.</msg>
<msg time="2025-03-17T16:41:49.622215" level="INFO">Pressing special key RETURN to element.</msg>
<msg time="2025-03-17T16:41:49.622276" level="INFO">Releasing special key RETURN.</msg>
<arg>xpath=//textarea[not(contains(@style, 'visibility:hidden'))]</arg>
<arg>RETURN</arg>
<doc>Simulates the user pressing key(s) to an element or on the active browser.</doc>
<status status="PASS" start="2025-03-17T16:41:49.335911" elapsed="0.297599"/>
</kw>
<kw name="Sleep" owner="BuiltIn">
<msg time="2025-03-17T16:41:51.633991" level="INFO">Slept 2 seconds.</msg>
<arg>2</arg>
<doc>Pauses the test executed for the given time.</doc>
<status status="PASS" start="2025-03-17T16:41:49.633638" elapsed="2.000429"/>
</kw>
<arg>activité numéro 1</arg>
<status status="PASS" start="2025-03-17T16:41:49.084943" elapsed="2.549189"/>
</kw>
<kw name="Edit Activity Instructions" owner="ressources">
<kw name="Click Element" owner="SeleniumLibrary">
<msg time="2025-03-17T16:41:51.634781" level="INFO">Clicking element 'xpath=//span[@id='instruction_editor']/div[@role='button']'.</msg>
<arg>xpath=//span[@id='instruction_editor']/div[@role='button']</arg>
<doc>Click the element identified by ``locator``.</doc>
<status status="PASS" start="2025-03-17T16:41:51.634699" elapsed="0.064251"/>
</kw>
<kw name="Wait Until Element Is Visible" owner="SeleniumLibrary">
<arg>xpath=//textarea[not(contains(@style, 'visibility:hidden'))]</arg>
<arg>5s</arg>
<doc>Waits until the element ``locator`` is visible.</doc>
<status status="PASS" start="2025-03-17T16:41:51.699076" elapsed="0.011391"/>
</kw>
<kw name="Execute Javascript" owner="SeleniumLibrary">
<msg time="2025-03-17T16:41:51.710870" level="INFO">Executing JavaScript:
document.querySelector("textarea:not([style*='visibility:hidden'])").value = "instruction relative à l'activité numéro 1";
Without any arguments.</msg>
<arg>document.querySelector("textarea:not([style*='visibility:hidden'])").value = "${instructions}";</arg>
<doc>Executes the given JavaScript code with possible arguments.</doc>
<status status="PASS" start="2025-03-17T16:41:51.710597" elapsed="0.002945"/>
</kw>
<kw name="Press Keys" owner="SeleniumLibrary">
<msg time="2025-03-17T16:41:51.713851" level="INFO">Sending key(s) ('RETURN',) to xpath=//textarea[not(contains(@style, 'visibility:hidden'))] element.</msg>
<msg time="2025-03-17T16:41:51.980479" level="INFO">Pressing special key RETURN to element.</msg>
<msg time="2025-03-17T16:41:51.980531" level="INFO">Releasing special key RETURN.</msg>
<arg>xpath=//textarea[not(contains(@style, 'visibility:hidden'))]</arg>
<arg>RETURN</arg>
<doc>Simulates the user pressing key(s) to an element or on the active browser.</doc>
<status status="PASS" start="2025-03-17T16:41:51.713651" elapsed="0.274327"/>
</kw>
<kw name="Sleep" owner="BuiltIn">
<msg time="2025-03-17T16:41:53.988508" level="INFO">Slept 2 seconds.</msg>
<arg>2</arg>
<doc>Pauses the test executed for the given time.</doc>
<status status="PASS" start="2025-03-17T16:41:51.988088" elapsed="2.000519"/>
</kw>
<arg>instruction relative à l'activité numéro 1</arg>
<status status="PASS" start="2025-03-17T16:41:51.634544" elapsed="2.354147"/>
</kw>
<kw name="Edit Activity Description" owner="ressources">
<kw name="Click Element" owner="SeleniumLibrary">
<msg time="2025-03-17T16:41:53.989580" level="INFO">Clicking element 'xpath=//span[@id='description_editor']/div[@role='button']'.</msg>
<arg>xpath=//span[@id='description_editor']/div[@role='button']</arg>
<doc>Click the element identified by ``locator``.</doc>
<status status="PASS" start="2025-03-17T16:41:53.989465" elapsed="0.074456"/>
</kw>
<kw name="Wait Until Element Is Visible" owner="SeleniumLibrary">
<arg>xpath=//textarea[not(contains(@style, 'visibility:hidden'))]</arg>
<arg>5s</arg>
<doc>Waits until the element ``locator`` is visible.</doc>
<status status="PASS" start="2025-03-17T16:41:54.064043" elapsed="0.006753"/>
</kw>
<kw name="Execute Javascript" owner="SeleniumLibrary">
<msg time="2025-03-17T16:41:54.071138" level="INFO">Executing JavaScript:
document.querySelector("textarea:not([style*='visibility:hidden'])").value = "description de l'activité numéro 1";
Without any arguments.</msg>
<arg>document.querySelector("textarea:not([style*='visibility:hidden'])").value = "${description}";</arg>
<doc>Executes the given JavaScript code with possible arguments.</doc>
<status status="PASS" start="2025-03-17T16:41:54.070902" elapsed="0.004708"/>
</kw>
<kw name="Press Keys" owner="SeleniumLibrary">
<msg time="2025-03-17T16:41:54.075942" level="INFO">Sending key(s) ('RETURN',) to xpath=//textarea[not(contains(@style, 'visibility:hidden'))] element.</msg>
<msg time="2025-03-17T16:41:54.353246" level="INFO">Pressing special key RETURN to element.</msg>
<msg time="2025-03-17T16:41:54.353373" level="INFO">Releasing special key RETURN.</msg>
<arg>xpath=//textarea[not(contains(@style, 'visibility:hidden'))]</arg>
<arg>RETURN</arg>
<doc>Simulates the user pressing key(s) to an element or on the active browser.</doc>
<status status="PASS" start="2025-03-17T16:41:54.075729" elapsed="0.292479"/>
</kw>
<kw name="Sleep" owner="BuiltIn">
<msg time="2025-03-17T16:41:56.368640" level="INFO">Slept 2 seconds.</msg>
<arg>2</arg>
<doc>Pauses the test executed for the given time.</doc>
<status status="PASS" start="2025-03-17T16:41:54.368332" elapsed="2.000384"/>
</kw>
<arg>description de l'activité numéro 1</arg>
<status status="PASS" start="2025-03-17T16:41:53.989237" elapsed="2.379655"/>
</kw>
<status status="PASS" start="2025-03-17T16:41:49.084709" elapsed="7.284821"/>
</test>
<test id="s1-s2-t4" name="Snap the background" line="24">
<kw name="Next button" owner="ressources">
<kw name="Wait Until Element Is Visible" owner="SeleniumLibrary">
<arg>xpath=//button[span/span[contains(@class, 'anticon-arrow-right')]]</arg>
<arg>5s</arg>
<doc>Waits until the element ``locator`` is visible.</doc>
<status status="PASS" start="2025-03-17T16:41:56.370255" elapsed="0.023144"/>
</kw>
<kw name="Click Element" owner="SeleniumLibrary">
<msg time="2025-03-17T16:41:56.393661" level="INFO">Clicking element 'xpath=//button[span/span[contains(@class, 'anticon-arrow-right')]]'.</msg>
<arg>xpath=//button[span/span[contains(@class, 'anticon-arrow-right')]]</arg>
<doc>Click the element identified by ``locator``.</doc>
<status status="PASS" start="2025-03-17T16:41:56.393536" elapsed="0.039135"/>
</kw>
<doc>clic sur le bouton suivant en bas a droite de l'application pour passer a l'étape suivante.</doc>
<status status="PASS" start="2025-03-17T16:41:56.370128" elapsed="0.062619"/>
</kw>
<kw name="Snap the background" owner="ressources">
<kw name="Sleep" owner="BuiltIn">
<msg time="2025-03-17T16:41:58.433620" level="INFO">Slept 2 seconds.</msg>
<arg>2s</arg>
<doc>Pauses the test executed for the given time.</doc>
<status status="PASS" start="2025-03-17T16:41:56.433141" elapsed="2.000557"/>
</kw>
<kw name="Wait Until Element Is Visible" owner="SeleniumLibrary">
<arg>xpath=//button[.//span[contains(@class, 'anticon-camera')]]</arg>
<doc>Waits until the element ``locator`` is visible.</doc>
<status status="PASS" start="2025-03-17T16:41:58.433812" elapsed="0.011719"/>
</kw>
<kw name="Click Element" owner="SeleniumLibrary">
<msg time="2025-03-17T16:41:58.445766" level="INFO">Clicking element 'xpath=//button[.//span[contains(@class, 'anticon-camera')]]'.</msg>
<arg>xpath=//button[.//span[contains(@class, 'anticon-camera')]]</arg>
<doc>Click the element identified by ``locator``.</doc>
<status status="PASS" start="2025-03-17T16:41:58.445648" elapsed="0.039082"/>
</kw>
<kw name="Sleep" owner="BuiltIn">
<msg time="2025-03-17T16:42:01.485097" level="INFO">Slept 3 seconds.</msg>
<arg>3s</arg>
<doc>Pauses the test executed for the given time.</doc>
<status status="PASS" start="2025-03-17T16:41:58.484851" elapsed="3.000327"/>
</kw>
<kw name="Click Element" owner="SeleniumLibrary">
<msg time="2025-03-17T16:42:01.485453" level="INFO">Clicking element 'xpath=//div[contains(@class, 'ant-space')]/div[2]//button[.//span[contains(@class, 'anticon-camera')]]'.</msg>
<arg>xpath=//div[contains(@class, 'ant-space')]/div[2]//button[.//span[contains(@class, 'anticon-camera')]]</arg>
<doc>Click the element identified by ``locator``.</doc>
<status status="PASS" start="2025-03-17T16:42:01.485298" elapsed="0.059985"/>
</kw>
<doc>take the photo of the background used to display medias on</doc>
<status status="PASS" start="2025-03-17T16:41:56.432979" elapsed="5.112384"/>
</kw>
<kw name="Validate the image" owner="ressources">
<kw name="Wait Until Element Is Visible" owner="SeleniumLibrary">
<arg>xpath=//button[.//span[contains(@class, 'anticon-check')]]</arg>
<arg>10s</arg>
<doc>Waits until the element ``locator`` is visible.</doc>
<status status="PASS" start="2025-03-17T16:42:01.545767" elapsed="0.033030"/>
</kw>
<kw name="Click Element" owner="SeleniumLibrary">
<msg time="2025-03-17T16:42:01.579031" level="INFO">Clicking element 'xpath=//button[.//span[contains(@class, 'anticon-check')]]'.</msg>
<arg>xpath=//button[.//span[contains(@class, 'anticon-check')]]</arg>
<doc>Click the element identified by ``locator``.</doc>
<status status="PASS" start="2025-03-17T16:42:01.578915" elapsed="0.054741"/>
</kw>
<doc>click on the validation button to send the background image</doc>
<status status="PASS" start="2025-03-17T16:42:01.545591" elapsed="0.088145"/>
</kw>
<status status="PASS" start="2025-03-17T16:41:56.369859" elapsed="5.264046"/>
</test>
<test id="s1-s2-t5" name="display augementation" line="29">
<kw name="Next button" owner="ressources">
<kw name="Wait Until Element Is Visible" owner="SeleniumLibrary">
<arg>xpath=//button[span/span[contains(@class, 'anticon-arrow-right')]]</arg>
<arg>5s</arg>
<doc>Waits until the element ``locator`` is visible.</doc>
<status status="PASS" start="2025-03-17T16:42:01.634636" elapsed="0.012563"/>
</kw>
<kw name="Click Element" owner="SeleniumLibrary">
<msg time="2025-03-17T16:42:01.647449" level="INFO">Clicking element 'xpath=//button[span/span[contains(@class, 'anticon-arrow-right')]]'.</msg>
<arg>xpath=//button[span/span[contains(@class, 'anticon-arrow-right')]]</arg>
<doc>Click the element identified by ``locator``.</doc>
<status status="PASS" start="2025-03-17T16:42:01.647326" elapsed="0.280014"/>
</kw>
<doc>clic sur le bouton suivant en bas a droite de l'application pour passer a l'étape suivante.</doc>
<status status="PASS" start="2025-03-17T16:42:01.634473" elapsed="0.292943"/>
</kw>
<kw name="Validation button" owner="ressources">
<kw name="Wait Until Element Is Visible" owner="SeleniumLibrary">
<arg>xpath=//button[@id='next_button']</arg>
<arg>15s</arg>
<doc>Waits until the element ``locator`` is visible.</doc>
<status status="PASS" start="2025-03-17T16:42:01.927886" elapsed="3.148864"/>
</kw>
<kw name="Click Element" owner="SeleniumLibrary">
<msg time="2025-03-17T16:42:05.077001" level="INFO">Clicking element 'xpath=//button[@id='next_button']'.</msg>
<arg>xpath=//button[@id='next_button']</arg>
<doc>Click the element identified by ``locator``.</doc>
<status status="PASS" start="2025-03-17T16:42:05.076879" elapsed="0.037208"/>
</kw>
<doc>click on the validation when rating the background picture</doc>
<status status="PASS" start="2025-03-17T16:42:01.927712" elapsed="3.186451"/>
</kw>
<kw name="Next button" owner="ressources">
<kw name="Wait Until Element Is Visible" owner="SeleniumLibrary">
<arg>xpath=//button[span/span[contains(@class, 'anticon-arrow-right')]]</arg>
<arg>5s</arg>
<doc>Waits until the element ``locator`` is visible.</doc>
<status status="PASS" start="2025-03-17T16:42:05.114645" elapsed="0.006406"/>
</kw>
<kw name="Click Element" owner="SeleniumLibrary">
<msg time="2025-03-17T16:42:05.121249" level="INFO">Clicking element 'xpath=//button[span/span[contains(@class, 'anticon-arrow-right')]]'.</msg>
<arg>xpath=//button[span/span[contains(@class, 'anticon-arrow-right')]]</arg>
<doc>Click the element identified by ``locator``.</doc>
<status status="PASS" start="2025-03-17T16:42:05.121148" elapsed="0.309051"/>
</kw>
<doc>clic sur le bouton suivant en bas a droite de l'application pour passer a l'étape suivante.</doc>
<status status="PASS" start="2025-03-17T16:42:05.114476" elapsed="0.315803"/>
</kw>
<kw name="Sleep" owner="BuiltIn">
<msg time="2025-03-17T16:42:07.430789" level="INFO">Slept 2 seconds.</msg>
<arg>2s</arg>
<doc>Pauses the test executed for the given time.</doc>
<status status="PASS" start="2025-03-17T16:42:05.430508" elapsed="2.000363"/>
</kw>
<kw name="Run Keyword And Ignore Error" owner="BuiltIn">
<kw name="Wait for detection" owner="ressources">
<kw name="Wait Until Element Is Not Visible" owner="SeleniumLibrary">
<msg time="2025-03-17T16:42:32.779088" level="INFO" html="true">&lt;/td&gt;&lt;/tr&gt;&lt;tr&gt;&lt;td colspan="3"&gt;&lt;a href="selenium-screenshot-29.png"&gt;&lt;img src="selenium-screenshot-29.png" width="800px"&gt;&lt;/a&gt;</msg>
<msg time="2025-03-17T16:42:32.779243" level="FAIL">Element 'xpath=//span[contains(text(), 'Place the image in the frame')]' still visible after 25 seconds.</msg>
<arg>xpath=//span[contains(text(), 'Place the image in the frame')]</arg>
<arg>timeout=25s</arg>
<doc>Waits until the element ``locator`` is not visible.</doc>
<status status="FAIL" start="2025-03-17T16:42:07.431411" elapsed="25.348974">Element 'xpath=//span[contains(text(), 'Place the image in the frame')]' still visible after 25 seconds.</status>
</kw>
<doc>wait for the augementation to be detected using the visibility of instructions</doc>
<status status="FAIL" start="2025-03-17T16:42:07.431258" elapsed="25.349243">Element 'xpath=//span[contains(text(), 'Place the image in the frame')]' still visible after 25 seconds.</status>
</kw>
<msg time="2025-03-17T16:42:32.780584" level="INFO">${status} = FAIL</msg>
<msg time="2025-03-17T16:42:32.780604" level="INFO">${message} = Element 'xpath=//span[contains(text(), 'Place the image in the frame')]' still visible after 25 seconds.</msg>
<var>${status}</var>
<var>${message}</var>
<arg>Wait for detection</arg>
<doc>Runs the given keyword with the given arguments and ignores possible error.</doc>
<status status="PASS" start="2025-03-17T16:42:07.431101" elapsed="25.349514"/>
</kw>
<kw name="Run Keyword If" owner="BuiltIn">
<kw name="Log" owner="BuiltIn">
<msg time="2025-03-17T16:42:32.781187" level="WARN">⚠️ Expected behavior: The element is still visible after 25s miss detection.</msg>
<arg>⚠️ Expected behavior: The element is still visible after 25s miss detection.</arg>
<arg>WARN</arg>
<doc>Logs the given message with the given level.</doc>
<status status="PASS" start="2025-03-17T16:42:32.781107" elapsed="0.000265"/>
</kw>
<arg>'${status}' == 'FAIL'</arg>
<arg>Log</arg>
<arg>⚠️ Expected behavior: The element is still visible after 25s miss detection.</arg>
<arg>WARN</arg>
<doc>Runs the given keyword with the given arguments, if ``condition`` is true.</doc>
<status status="PASS" start="2025-03-17T16:42:32.780926" elapsed="0.000486"/>
</kw>
<kw name="Click home button" owner="ressources">
<kw name="Wait Until Page Contains Element" owner="SeleniumLibrary">
<arg>xpath=//button[contains(@class, 'ant-btn-icon-only')]</arg>
<arg>timeout=5s</arg>
<doc>Waits until the element ``locator`` appears on the current page.</doc>
<status status="PASS" start="2025-03-17T16:42:32.781697" elapsed="0.005761"/>
</kw>
<kw name="Click Element" owner="SeleniumLibrary">
<msg time="2025-03-17T16:42:32.787663" level="INFO">Clicking element 'xpath=//button[contains(@class, 'ant-btn-icon-only')]'.</msg>
<arg>xpath=//button[contains(@class, 'ant-btn-icon-only')]</arg>
<doc>Click the element identified by ``locator``.</doc>
<status status="PASS" start="2025-03-17T16:42:32.787558" elapsed="0.197328"/>
</kw>
<doc>Click on the home button using the house icon</doc>
<status status="PASS" start="2025-03-17T16:42:32.781560" elapsed="0.203417"/>
</kw>
<kw name="Sleep" owner="BuiltIn">
<msg time="2025-03-17T16:42:52.985856" level="INFO">Slept 20 seconds.</msg>
<arg>20s</arg>
<doc>Pauses the test executed for the given time.</doc>
<status status="PASS" start="2025-03-17T16:42:32.985387" elapsed="20.000551"/>
</kw>
<kw name="Close Browser" owner="SeleniumLibrary">
<doc>Closes the current browser.</doc>
<status status="PASS" start="2025-03-17T16:42:52.986143" elapsed="2.177084"/>
</kw>
<status status="PASS" start="2025-03-17T16:42:01.634228" elapsed="53.529245"/>
</test>
<status status="PASS" start="2025-03-17T16:41:41.860163" elapsed="73.303834"/>
</suite>
<suite id="s1-s3" name="003 Create Empty Validation" source="D:\Admin\Documents\GitHub\mixap\tests\003_create_empty_validation.robot">
<test id="s1-s3-t1" name="Create empty validation" line="12">
<kw name="Open Web Application" owner="ressources">
<kw name="Set Chrome Options" owner="ressources">
<kw name="Evaluate" owner="BuiltIn">
<msg time="2025-03-17T16:42:55.167354" level="INFO">${options} = &lt;selenium.webdriver.chrome.options.Options object at 0x000001A18D281D10&gt;</msg>
<var>${options}</var>
<arg>sys.modules['selenium.webdriver'].ChromeOptions()</arg>
<arg>sys</arg>
<doc>Evaluates the given expression in Python and returns the result.</doc>
<status status="PASS" start="2025-03-17T16:42:55.167224" elapsed="0.000145"/>
</kw>
<kw name="Call Method" owner="BuiltIn">
<arg>${options}</arg>
<arg>add_argument</arg>
<arg>--use-fake-ui-for-media-stream</arg>
<doc>Calls the named method of the given object with the provided arguments.</doc>
<status status="PASS" start="2025-03-17T16:42:55.167428" elapsed="0.000061"/>
</kw>
<kw name="Create Dictionary" owner="BuiltIn">
<msg time="2025-03-17T16:42:55.167628" level="INFO">${prefs} = {'profile.default_content_setting_values.media_stream_camera': '1', 'profile.default_content_setting_values.media_stream_mic': '1'}</msg>
<var>${prefs}</var>
<arg>profile.default_content_setting_values.media_stream_camera=1</arg>
<arg>profile.default_content_setting_values.media_stream_mic=1</arg>
<doc>Creates and returns a dictionary based on the given ``items``.</doc>
<status status="PASS" start="2025-03-17T16:42:55.167542" elapsed="0.000098"/>
</kw>
<kw name="Call Method" owner="BuiltIn">
<arg>${options}</arg>
<arg>add_experimental_option</arg>
<arg>prefs</arg>
<arg>${prefs}</arg>
<doc>Calls the named method of the given object with the provided arguments.</doc>
<status status="PASS" start="2025-03-17T16:42:55.167686" elapsed="0.000077"/>
</kw>
<return>
<value>${options}</value>
<status status="PASS" start="2025-03-17T16:42:55.167803" elapsed="0.000037"/>
</return>
<msg time="2025-03-17T16:42:55.167908" level="INFO">${chrome_options} = &lt;selenium.webdriver.chrome.options.Options object at 0x000001A18D281D10&gt;</msg>
<var>${chrome_options}</var>
<doc>Défini les paramètres du navigateur au besoin décommenter la ligne pour utiliser un flux caméra fictif</doc>
<status status="PASS" start="2025-03-17T16:42:55.167122" elapsed="0.000798"/>
</kw>
<kw name="Close All Browsers" owner="SeleniumLibrary">
<doc>Closes all open browsers and resets the browser cache.</doc>
<status status="PASS" start="2025-03-17T16:42:55.167973" elapsed="0.000059"/>
</kw>
<kw name="Open Browser" owner="SeleniumLibrary">
<msg time="2025-03-17T16:42:55.168195" level="INFO">Opening browser 'chrome' to base url 'https://localhost:3000'.</msg>
<arg>${URL}</arg>
<arg>chrome</arg>
<arg>options=${CHROME_OPTIONS}</arg>
<doc>Opens a new browser instance to the optional ``url``.</doc>
<status status="PASS" start="2025-03-17T16:42:55.168087" elapsed="1.524910"/>
</kw>
<kw name="Wait Until Element Is Visible" owner="SeleniumLibrary">
<arg>id=details-button</arg>
<arg>timeout=10s</arg>
<doc>Waits until the element ``locator`` is visible.</doc>
<status status="PASS" start="2025-03-17T16:42:56.693126" elapsed="0.013264"/>
</kw>
<kw name="Click Element" owner="SeleniumLibrary">
<msg time="2025-03-17T16:42:56.706625" level="INFO">Clicking element 'id=details-button'.</msg>
<arg>id=details-button</arg>
<doc>Click the element identified by ``locator``.</doc>
<status status="PASS" start="2025-03-17T16:42:56.706511" elapsed="0.036759"/>
</kw>
<kw name="Wait Until Element Is Visible" owner="SeleniumLibrary">
<arg>id=proceed-link</arg>
<arg>timeout=10s</arg>
<doc>Waits until the element ``locator`` is visible.</doc>
<status status="PASS" start="2025-03-17T16:42:56.743391" elapsed="0.012106"/>
</kw>
<kw name="Click Element" owner="SeleniumLibrary">
<msg time="2025-03-17T16:42:56.755773" level="INFO">Clicking element 'id=proceed-link'.</msg>
<arg>id=proceed-link</arg>
<doc>Click the element identified by ``locator``.</doc>
<status status="PASS" start="2025-03-17T16:42:56.755638" elapsed="1.022657"/>
</kw>
<kw name="Title Should Be" owner="SeleniumLibrary">
<msg time="2025-03-17T16:42:57.805017" level="INFO">Page title is 'MIXAP'.</msg>
<arg>MIXAP</arg>
<arg>timeout 10s</arg>
<doc>Verifies that the current page title equals ``title``.</doc>
<status status="PASS" start="2025-03-17T16:42:57.778420" elapsed="0.026666"/>
</kw>
<kw name="Wait Until Element Is Visible" owner="SeleniumLibrary">
<arg>xpath=//button[span[text()='Activity']]</arg>
<doc>Waits until the element ``locator`` is visible.</doc>
<status status="PASS" start="2025-03-17T16:42:57.805306" elapsed="0.241758"/>
</kw>
<doc>ouvre le site avec le navigateur chrome en suivant les paramètres</doc>
<status status="PASS" start="2025-03-17T16:42:55.166970" elapsed="2.880166"/>
</kw>
<kw name="Create Activity" owner="ressources">
<kw name="Click Element" owner="SeleniumLibrary">
<msg time="2025-03-17T16:42:58.047617" level="INFO">Clicking element 'xpath=//button[span[text()='Activity']]'.</msg>
<arg>xpath=//button[span[text()='Activity']]</arg>
<doc>Click the element identified by ``locator``.</doc>
<status status="PASS" start="2025-03-17T16:42:58.047526" elapsed="0.068610"/>
</kw>
<kw name="Wait Until Element Is Visible" owner="SeleniumLibrary">
<arg>xpath=//div[h5[text()='Image Augmentation']]</arg>
<doc>Waits until the element ``locator`` is visible.</doc>
<status status="PASS" start="2025-03-17T16:42:58.116274" elapsed="0.226797"/>
</kw>
<doc>clic sur le bouton création d'activité</doc>
<status status="PASS" start="2025-03-17T16:42:58.047372" elapsed="0.295777"/>
</kw>
<status status="PASS" start="2025-03-17T16:42:55.166691" elapsed="3.176663"/>
</test>
<test id="s1-s3-t2" name="Select Type" line="16">
<kw name="Select Activity Type" owner="ressources">
<kw name="Click Element" owner="SeleniumLibrary">
<msg time="2025-03-17T16:42:58.344209" level="INFO">Clicking element 'xpath=//div[h5[text()='Image Validation']]'.</msg>
<arg>xpath=//div[h5[text()='${activity_type}']]</arg>
<doc>Click the element identified by ``locator``.</doc>
<status status="PASS" start="2025-03-17T16:42:58.344102" elapsed="0.063527"/>
</kw>
<kw name="Wait Until Element Is Visible" owner="SeleniumLibrary">
<arg>xpath=//span[@id='title_editor']/div[@role='button']</arg>
<doc>Waits until the element ``locator`` is visible.</doc>
<status status="PASS" start="2025-03-17T16:42:58.407801" elapsed="0.041984"/>
</kw>
<arg>Image Validation</arg>
<doc>Select the activity type using a parameter</doc>
<status status="PASS" start="2025-03-17T16:42:58.343962" elapsed="0.105898"/>
</kw>
<status status="PASS" start="2025-03-17T16:42:58.343752" elapsed="0.106276"/>
</test>
<test id="s1-s3-t3" name="Edit activity details" line="19">
<kw name="Edit Activity Title" owner="ressources">
<kw name="Click Element" owner="SeleniumLibrary">
<msg time="2025-03-17T16:42:58.450793" level="INFO">Clicking element 'xpath=//span[@id='title_editor']/div[@role='button']'.</msg>
<arg>xpath=//span[@id='title_editor']/div[@role='button']</arg>
<doc>Click the element identified by ``locator``.</doc>
<status status="PASS" start="2025-03-17T16:42:58.450700" elapsed="0.231734"/>
</kw>
<kw name="Wait Until Element Is Visible" owner="SeleniumLibrary">
<arg>xpath=//textarea[not(contains(@style, 'visibility:hidden'))]</arg>
<arg>5s</arg>
<doc>Waits until the element ``locator`` is visible.</doc>
<status status="PASS" start="2025-03-17T16:42:58.682583" elapsed="0.028160"/>
</kw>
<kw name="Execute Javascript" owner="SeleniumLibrary">
<msg time="2025-03-17T16:42:58.711130" level="INFO">Executing JavaScript:
document.querySelector("textarea:not([style*='visibility:hidden'])").value = "activité numéro 1";
Without any arguments.</msg>
<arg>document.querySelector("textarea:not([style*='visibility:hidden'])").value = "${title}";</arg>
<doc>Executes the given JavaScript code with possible arguments.</doc>
<status status="PASS" start="2025-03-17T16:42:58.710861" elapsed="0.002894"/>
</kw>
<kw name="Press Keys" owner="SeleniumLibrary">
<msg time="2025-03-17T16:42:58.714037" level="INFO">Sending key(s) ('RETURN',) to xpath=//textarea[not(contains(@style, 'visibility:hidden'))] element.</msg>
<msg time="2025-03-17T16:42:58.997771" level="INFO">Pressing special key RETURN to element.</msg>
<msg time="2025-03-17T16:42:58.997821" level="INFO">Releasing special key RETURN.</msg>
<arg>xpath=//textarea[not(contains(@style, 'visibility:hidden'))]</arg>
<arg>RETURN</arg>
<doc>Simulates the user pressing key(s) to an element or on the active browser.</doc>
<status status="PASS" start="2025-03-17T16:42:58.713858" elapsed="0.295224"/>
</kw>
<kw name="Sleep" owner="BuiltIn">
<msg time="2025-03-17T16:43:01.009424" level="INFO">Slept 2 seconds.</msg>
<arg>2</arg>
<doc>Pauses the test executed for the given time.</doc>
<status status="PASS" start="2025-03-17T16:42:59.009207" elapsed="2.000290"/>
</kw>
<arg>activité numéro 1</arg>
<status status="PASS" start="2025-03-17T16:42:58.450548" elapsed="2.559010"/>
</kw>
<kw name="Edit Activity Instructions" owner="ressources">
<kw name="Click Element" owner="SeleniumLibrary">
<msg time="2025-03-17T16:43:01.009970" level="INFO">Clicking element 'xpath=//span[@id='instruction_editor']/div[@role='button']'.</msg>
<arg>xpath=//span[@id='instruction_editor']/div[@role='button']</arg>
<doc>Click the element identified by ``locator``.</doc>
<status status="PASS" start="2025-03-17T16:43:01.009885" elapsed="0.076016"/>
</kw>
<kw name="Wait Until Element Is Visible" owner="SeleniumLibrary">
<arg>xpath=//textarea[not(contains(@style, 'visibility:hidden'))]</arg>
<arg>5s</arg>
<doc>Waits until the element ``locator`` is visible.</doc>
<status status="PASS" start="2025-03-17T16:43:01.086054" elapsed="0.008539"/>
</kw>
<kw name="Execute Javascript" owner="SeleniumLibrary">
<msg time="2025-03-17T16:43:01.094956" level="INFO">Executing JavaScript:
document.querySelector("textarea:not([style*='visibility:hidden'])").value = "instruction relative à l'activité numéro 1";
Without any arguments.</msg>
<arg>document.querySelector("textarea:not([style*='visibility:hidden'])").value = "${instructions}";</arg>
<doc>Executes the given JavaScript code with possible arguments.</doc>
<status status="PASS" start="2025-03-17T16:43:01.094714" elapsed="0.002553"/>
</kw>
<kw name="Press Keys" owner="SeleniumLibrary">
<msg time="2025-03-17T16:43:01.097567" level="INFO">Sending key(s) ('RETURN',) to xpath=//textarea[not(contains(@style, 'visibility:hidden'))] element.</msg>
<msg time="2025-03-17T16:43:01.385872" level="INFO">Pressing special key RETURN to element.</msg>
<msg time="2025-03-17T16:43:01.385924" level="INFO">Releasing special key RETURN.</msg>
<arg>xpath=//textarea[not(contains(@style, 'visibility:hidden'))]</arg>
<arg>RETURN</arg>
<doc>Simulates the user pressing key(s) to an element or on the active browser.</doc>
<status status="PASS" start="2025-03-17T16:43:01.097365" elapsed="0.296710"/>
</kw>
<kw name="Sleep" owner="BuiltIn">
<msg time="2025-03-17T16:43:03.394925" level="INFO">Slept 2 seconds.</msg>
<arg>2</arg>
<doc>Pauses the test executed for the given time.</doc>
<status status="PASS" start="2025-03-17T16:43:01.394196" elapsed="2.000799"/>
</kw>
<arg>instruction relative à l'activité numéro 1</arg>
<status status="PASS" start="2025-03-17T16:43:01.009734" elapsed="2.385323"/>
</kw>
<kw name="Edit Activity Description" owner="ressources">
<kw name="Click Element" owner="SeleniumLibrary">
<msg time="2025-03-17T16:43:03.395473" level="INFO">Clicking element 'xpath=//span[@id='description_editor']/div[@role='button']'.</msg>
<arg>xpath=//span[@id='description_editor']/div[@role='button']</arg>
<doc>Click the element identified by ``locator``.</doc>
<status status="PASS" start="2025-03-17T16:43:03.395386" elapsed="0.039665"/>
</kw>
<kw name="Wait Until Element Is Visible" owner="SeleniumLibrary">
<arg>xpath=//textarea[not(contains(@style, 'visibility:hidden'))]</arg>
<arg>5s</arg>
<doc>Waits until the element ``locator`` is visible.</doc>
<status status="PASS" start="2025-03-17T16:43:03.435173" elapsed="0.008486"/>
</kw>
<kw name="Execute Javascript" owner="SeleniumLibrary">
<msg time="2025-03-17T16:43:03.444026" level="INFO">Executing JavaScript:
document.querySelector("textarea:not([style*='visibility:hidden'])").value = "description de l'activité numéro 1";
Without any arguments.</msg>
<arg>document.querySelector("textarea:not([style*='visibility:hidden'])").value = "${description}";</arg>
<doc>Executes the given JavaScript code with possible arguments.</doc>
<status status="PASS" start="2025-03-17T16:43:03.443779" elapsed="0.003133"/>
</kw>
<kw name="Press Keys" owner="SeleniumLibrary">
<msg time="2025-03-17T16:43:03.447259" level="INFO">Sending key(s) ('RETURN',) to xpath=//textarea[not(contains(@style, 'visibility:hidden'))] element.</msg>
<msg time="2025-03-17T16:43:03.730395" level="INFO">Pressing special key RETURN to element.</msg>
<msg time="2025-03-17T16:43:03.730443" level="INFO">Releasing special key RETURN.</msg>
<arg>xpath=//textarea[not(contains(@style, 'visibility:hidden'))]</arg>
<arg>RETURN</arg>
<doc>Simulates the user pressing key(s) to an element or on the active browser.</doc>
<status status="PASS" start="2025-03-17T16:43:03.447082" elapsed="0.296586"/>
</kw>
<kw name="Sleep" owner="BuiltIn">
<msg time="2025-03-17T16:43:05.744227" level="INFO">Slept 2 seconds.</msg>
<arg>2</arg>
<doc>Pauses the test executed for the given time.</doc>
<status status="PASS" start="2025-03-17T16:43:03.743784" elapsed="2.000525"/>
</kw>
<arg>description de l'activité numéro 1</arg>
<status status="PASS" start="2025-03-17T16:43:03.395232" elapsed="2.349148"/>
</kw>
<kw name="Next button" owner="ressources">
<kw name="Wait Until Element Is Visible" owner="SeleniumLibrary">
<arg>xpath=//button[span/span[contains(@class, 'anticon-arrow-right')]]</arg>
<arg>5s</arg>
<doc>Waits until the element ``locator`` is visible.</doc>
<status status="PASS" start="2025-03-17T16:43:05.744822" elapsed="0.009828"/>
</kw>
<kw name="Click Element" owner="SeleniumLibrary">
<msg time="2025-03-17T16:43:05.754931" level="INFO">Clicking element 'xpath=//button[span/span[contains(@class, 'anticon-arrow-right')]]'.</msg>
<arg>xpath=//button[span/span[contains(@class, 'anticon-arrow-right')]]</arg>
<doc>Click the element identified by ``locator``.</doc>
<status status="PASS" start="2025-03-17T16:43:05.754774" elapsed="0.033338"/>
</kw>
<doc>clic sur le bouton suivant en bas a droite de l'application pour passer a l'étape suivante.</doc>
<status status="PASS" start="2025-03-17T16:43:05.744669" elapsed="0.043523"/>
</kw>
<status status="PASS" start="2025-03-17T16:42:58.450332" elapsed="7.338042"/>
</test>
<test id="s1-s3-t4" name="Snap the landscape" line="25">
<kw name="Sleep" owner="BuiltIn">
<msg time="2025-03-17T16:43:07.789183" level="INFO">Slept 2 seconds.</msg>
<arg>2s</arg>
<doc>Pauses the test executed for the given time.</doc>
<status status="PASS" start="2025-03-17T16:43:05.788914" elapsed="2.000345"/>
</kw>
<kw name="Snap the background" owner="ressources">
<kw name="Sleep" owner="BuiltIn">
<msg time="2025-03-17T16:43:09.790180" level="INFO">Slept 2 seconds.</msg>
<arg>2s</arg>
<doc>Pauses the test executed for the given time.</doc>
<status status="PASS" start="2025-03-17T16:43:07.789622" elapsed="2.000637"/>
</kw>
<kw name="Wait Until Element Is Visible" owner="SeleniumLibrary">
<arg>xpath=//button[.//span[contains(@class, 'anticon-camera')]]</arg>
<doc>Waits until the element ``locator`` is visible.</doc>
<status status="PASS" start="2025-03-17T16:43:09.790376" elapsed="0.009786"/>
</kw>
<kw name="Click Element" owner="SeleniumLibrary">
<msg time="2025-03-17T16:43:09.800393" level="INFO">Clicking element 'xpath=//button[.//span[contains(@class, 'anticon-camera')]]'.</msg>
<arg>xpath=//button[.//span[contains(@class, 'anticon-camera')]]</arg>
<doc>Click the element identified by ``locator``.</doc>
<status status="PASS" start="2025-03-17T16:43:09.800267" elapsed="0.044507"/>
</kw>
<kw name="Sleep" owner="BuiltIn">
<msg time="2025-03-17T16:43:12.845233" level="INFO">Slept 3 seconds.</msg>
<arg>3s</arg>
<doc>Pauses the test executed for the given time.</doc>
<status status="PASS" start="2025-03-17T16:43:09.844894" elapsed="3.000450"/>
</kw>
<kw name="Click Element" owner="SeleniumLibrary">
<msg time="2025-03-17T16:43:12.845743" level="INFO">Clicking element 'xpath=//div[contains(@class, 'ant-space')]/div[2]//button[.//span[contains(@class, 'anticon-camera')]]'.</msg>
<arg>xpath=//div[contains(@class, 'ant-space')]/div[2]//button[.//span[contains(@class, 'anticon-camera')]]</arg>
<doc>Click the element identified by ``locator``.</doc>
<status status="PASS" start="2025-03-17T16:43:12.845545" elapsed="0.070703"/>
</kw>
<doc>take the photo of the background used to display medias on</doc>
<status status="PASS" start="2025-03-17T16:43:07.789469" elapsed="5.126914"/>
</kw>
<kw name="Validate the image" owner="ressources">
<kw name="Wait Until Element Is Visible" owner="SeleniumLibrary">
<arg>xpath=//button[.//span[contains(@class, 'anticon-check')]]</arg>
<arg>10s</arg>
<doc>Waits until the element ``locator`` is visible.</doc>
<status status="PASS" start="2025-03-17T16:43:12.916772" elapsed="0.030873"/>
</kw>
<kw name="Click Element" owner="SeleniumLibrary">
<msg time="2025-03-17T16:43:12.947878" level="INFO">Clicking element 'xpath=//button[.//span[contains(@class, 'anticon-check')]]'.</msg>
<arg>xpath=//button[.//span[contains(@class, 'anticon-check')]]</arg>
<doc>Click the element identified by ``locator``.</doc>
<status status="PASS" start="2025-03-17T16:43:12.947769" elapsed="0.060854"/>
</kw>
<doc>click on the validation button to send the background image</doc>
<status status="PASS" start="2025-03-17T16:43:12.916607" elapsed="0.092107"/>
</kw>
<status status="PASS" start="2025-03-17T16:43:05.788706" elapsed="7.220188"/>
</test>
<test id="s1-s3-t5" name="display augementation" line="30">
<kw name="Next button" owner="ressources">
<kw name="Wait Until Element Is Visible" owner="SeleniumLibrary">
<arg>xpath=//button[span/span[contains(@class, 'anticon-arrow-right')]]</arg>
<arg>5s</arg>
<doc>Waits until the element ``locator`` is visible.</doc>
<status status="PASS" start="2025-03-17T16:43:13.009802" elapsed="0.017080"/>
</kw>
<kw name="Click Element" owner="SeleniumLibrary">
<msg time="2025-03-17T16:43:13.027126" level="INFO">Clicking element 'xpath=//button[span/span[contains(@class, 'anticon-arrow-right')]]'.</msg>
<arg>xpath=//button[span/span[contains(@class, 'anticon-arrow-right')]]</arg>
<doc>Click the element identified by ``locator``.</doc>
<status status="PASS" start="2025-03-17T16:43:13.027006" elapsed="0.240881"/>
</kw>
<doc>clic sur le bouton suivant en bas a droite de l'application pour passer a l'étape suivante.</doc>
<status status="PASS" start="2025-03-17T16:43:13.009636" elapsed="0.258325"/>
</kw>
<kw name="Validation button" owner="ressources">
<kw name="Wait Until Element Is Visible" owner="SeleniumLibrary">
<arg>xpath=//button[@id='next_button']</arg>
<arg>15s</arg>
<doc>Waits until the element ``locator`` is visible.</doc>
<status status="PASS" start="2025-03-17T16:43:13.268470" elapsed="3.072038"/>
</kw>
<kw name="Click Element" owner="SeleniumLibrary">
<msg time="2025-03-17T16:43:16.340730" level="INFO">Clicking element 'xpath=//button[@id='next_button']'.</msg>
<arg>xpath=//button[@id='next_button']</arg>
<doc>Click the element identified by ``locator``.</doc>
<status status="PASS" start="2025-03-17T16:43:16.340620" elapsed="0.056215"/>
</kw>
<doc>click on the validation when rating the background picture</doc>
<status status="PASS" start="2025-03-17T16:43:13.268274" elapsed="3.128641"/>
</kw>
<kw name="Next button" owner="ressources">
<kw name="Wait Until Element Is Visible" owner="SeleniumLibrary">
<arg>xpath=//button[span/span[contains(@class, 'anticon-arrow-right')]]</arg>
<arg>5s</arg>
<doc>Waits until the element ``locator`` is visible.</doc>
<status status="PASS" start="2025-03-17T16:43:16.397305" elapsed="0.030763"/>
</kw>
<kw name="Click Element" owner="SeleniumLibrary">
<msg time="2025-03-17T16:43:16.428307" level="INFO">Clicking element 'xpath=//button[span/span[contains(@class, 'anticon-arrow-right')]]'.</msg>
<arg>xpath=//button[span/span[contains(@class, 'anticon-arrow-right')]]</arg>
<doc>Click the element identified by ``locator``.</doc>
<status status="PASS" start="2025-03-17T16:43:16.428191" elapsed="0.285991"/>
</kw>
<doc>clic sur le bouton suivant en bas a droite de l'application pour passer a l'étape suivante.</doc>
<status status="PASS" start="2025-03-17T16:43:16.397137" elapsed="0.317123"/>
</kw>
<kw name="Next button" owner="ressources">
<kw name="Wait Until Element Is Visible" owner="SeleniumLibrary">
<arg>xpath=//button[span/span[contains(@class, 'anticon-arrow-right')]]</arg>
<arg>5s</arg>
<doc>Waits until the element ``locator`` is visible.</doc>
<status status="PASS" start="2025-03-17T16:43:16.714734" elapsed="0.028774"/>
</kw>
<kw name="Click Element" owner="SeleniumLibrary">
<msg time="2025-03-17T16:43:16.743778" level="INFO">Clicking element 'xpath=//button[span/span[contains(@class, 'anticon-arrow-right')]]'.</msg>
<arg>xpath=//button[span/span[contains(@class, 'anticon-arrow-right')]]</arg>
<doc>Click the element identified by ``locator``.</doc>
<status status="PASS" start="2025-03-17T16:43:16.743648" elapsed="0.055868"/>
</kw>
<doc>clic sur le bouton suivant en bas a droite de l'application pour passer a l'étape suivante.</doc>
<status status="PASS" start="2025-03-17T16:43:16.714578" elapsed="0.085011"/>
</kw>
<kw name="Sleep" owner="BuiltIn">
<msg time="2025-03-17T16:43:21.800184" level="INFO">Slept 5 seconds.</msg>
<arg>5s</arg>
<doc>Pauses the test executed for the given time.</doc>
<status status="PASS" start="2025-03-17T16:43:16.799834" elapsed="5.000425"/>
</kw>
<kw name="Run Keyword And Ignore Error" owner="BuiltIn">
<kw name="Wait for detection" owner="ressources">
<kw name="Wait Until Element Is Not Visible" owner="SeleniumLibrary">
<msg time="2025-03-17T16:43:47.220929" level="INFO" html="true">&lt;/td&gt;&lt;/tr&gt;&lt;tr&gt;&lt;td colspan="3"&gt;&lt;a href="selenium-screenshot-30.png"&gt;&lt;img src="selenium-screenshot-30.png" width="800px"&gt;&lt;/a&gt;</msg>
<msg time="2025-03-17T16:43:47.221050" level="FAIL">Element 'xpath=//span[contains(text(), 'Place the image in the frame')]' still visible after 25 seconds.</msg>
<arg>xpath=//span[contains(text(), 'Place the image in the frame')]</arg>
<arg>timeout=25s</arg>
<doc>Waits until the element ``locator`` is not visible.</doc>
<status status="FAIL" start="2025-03-17T16:43:21.800778" elapsed="25.420878">Element 'xpath=//span[contains(text(), 'Place the image in the frame')]' still visible after 25 seconds.</status>
</kw>
<doc>wait for the augementation to be detected using the visibility of instructions</doc>
<status status="FAIL" start="2025-03-17T16:43:21.800650" elapsed="25.421136">Element 'xpath=//span[contains(text(), 'Place the image in the frame')]' still visible after 25 seconds.</status>
</kw>
<msg time="2025-03-17T16:43:47.221874" level="INFO">${status} = FAIL</msg>
<msg time="2025-03-17T16:43:47.221896" level="INFO">${message} = Element 'xpath=//span[contains(text(), 'Place the image in the frame')]' still visible after 25 seconds.</msg>
<var>${status}</var>
<var>${message}</var>
<arg>Wait for detection</arg>
<doc>Runs the given keyword with the given arguments and ignores possible error.</doc>
<status status="PASS" start="2025-03-17T16:43:21.800513" elapsed="25.421395"/>
</kw>
<kw name="Run Keyword If" owner="BuiltIn">
<kw name="Log" owner="BuiltIn">
<msg time="2025-03-17T16:43:47.222535" level="WARN">⚠️ Expected behavior: The element is still visible after 25s miss detection.</msg>
<arg>⚠️ Expected behavior: The element is still visible after 25s miss detection.</arg>
<arg>WARN</arg>
<doc>Logs the given message with the given level.</doc>
<status status="PASS" start="2025-03-17T16:43:47.222452" elapsed="0.000316"/>
</kw>
<arg>'${status}' == 'FAIL'</arg>
<arg>Log</arg>
<arg>⚠️ Expected behavior: The element is still visible after 25s miss detection.</arg>
<arg>WARN</arg>
<doc>Runs the given keyword with the given arguments, if ``condition`` is true.</doc>
<status status="PASS" start="2025-03-17T16:43:47.222236" elapsed="0.000588"/>
</kw>
<kw name="Click home button" owner="ressources">
<kw name="Wait Until Page Contains Element" owner="SeleniumLibrary">
<arg>xpath=//button[contains(@class, 'ant-btn-icon-only')]</arg>
<arg>timeout=5s</arg>
<doc>Waits until the element ``locator`` appears on the current page.</doc>
<status status="PASS" start="2025-03-17T16:43:47.223183" elapsed="0.010329"/>
</kw>
<kw name="Click Element" owner="SeleniumLibrary">
<msg time="2025-03-17T16:43:47.233903" level="INFO">Clicking element 'xpath=//button[contains(@class, 'ant-btn-icon-only')]'.</msg>
<arg>xpath=//button[contains(@class, 'ant-btn-icon-only')]</arg>
<doc>Click the element identified by ``locator``.</doc>
<status status="PASS" start="2025-03-17T16:43:47.233745" elapsed="0.194341"/>
</kw>
<doc>Click on the home button using the house icon</doc>
<status status="PASS" start="2025-03-17T16:43:47.223017" elapsed="0.205200"/>
</kw>
<kw name="Sleep" owner="BuiltIn">
<msg time="2025-03-17T16:43:57.429209" level="INFO">Slept 10 seconds.</msg>
<arg>10s</arg>
<doc>Pauses the test executed for the given time.</doc>
<status status="PASS" start="2025-03-17T16:43:47.428511" elapsed="10.000789"/>
</kw>
<kw name="Close Browser" owner="SeleniumLibrary">
<doc>Closes the current browser.</doc>
<status status="PASS" start="2025-03-17T16:43:57.429611" elapsed="2.176568"/>
</kw>
<status status="PASS" start="2025-03-17T16:43:13.009356" elapsed="46.603567"/>
</test>
<status status="PASS" start="2025-03-17T16:42:55.164753" elapsed="64.448550"/>
</suite>
<suite id="s1-s4" name="004 Create Empty Association" source="D:\Admin\Documents\GitHub\mixap\tests\004_create_empty_association.robot">
<test id="s1-s4-t1" name="Create empty validation" line="16">
<kw name="Open Web Application" owner="ressources">
<kw name="Set Chrome Options" owner="ressources">
<kw name="Evaluate" owner="BuiltIn">
<msg time="2025-03-17T16:43:59.617430" level="INFO">${options} = &lt;selenium.webdriver.chrome.options.Options object at 0x000001A18D2ADE00&gt;</msg>
<var>${options}</var>
<arg>sys.modules['selenium.webdriver'].ChromeOptions()</arg>
<arg>sys</arg>
<doc>Evaluates the given expression in Python and returns the result.</doc>
<status status="PASS" start="2025-03-17T16:43:59.617292" elapsed="0.000154"/>
</kw>
<kw name="Call Method" owner="BuiltIn">
<arg>${options}</arg>
<arg>add_argument</arg>
<arg>--use-fake-ui-for-media-stream</arg>
<doc>Calls the named method of the given object with the provided arguments.</doc>
<status status="PASS" start="2025-03-17T16:43:59.617501" elapsed="0.000061"/>
</kw>
<kw name="Create Dictionary" owner="BuiltIn">
<msg time="2025-03-17T16:43:59.617700" level="INFO">${prefs} = {'profile.default_content_setting_values.media_stream_camera': '1', 'profile.default_content_setting_values.media_stream_mic': '1'}</msg>
<var>${prefs}</var>
<arg>profile.default_content_setting_values.media_stream_camera=1</arg>
<arg>profile.default_content_setting_values.media_stream_mic=1</arg>
<doc>Creates and returns a dictionary based on the given ``items``.</doc>
<status status="PASS" start="2025-03-17T16:43:59.617616" elapsed="0.000097"/>
</kw>
<kw name="Call Method" owner="BuiltIn">
<arg>${options}</arg>
<arg>add_experimental_option</arg>
<arg>prefs</arg>
<arg>${prefs}</arg>
<doc>Calls the named method of the given object with the provided arguments.</doc>
<status status="PASS" start="2025-03-17T16:43:59.617762" elapsed="0.000066"/>
</kw>
<return>
<value>${options}</value>
<status status="PASS" start="2025-03-17T16:43:59.617858" elapsed="0.000022"/>
</return>
<msg time="2025-03-17T16:43:59.617935" level="INFO">${chrome_options} = &lt;selenium.webdriver.chrome.options.Options object at 0x000001A18D2ADE00&gt;</msg>
<var>${chrome_options}</var>
<doc>Défini les paramètres du navigateur au besoin décommenter la ligne pour utiliser un flux caméra fictif</doc>
<status status="PASS" start="2025-03-17T16:43:59.617195" elapsed="0.000753"/>
</kw>
<kw name="Close All Browsers" owner="SeleniumLibrary">
<doc>Closes all open browsers and resets the browser cache.</doc>
<status status="PASS" start="2025-03-17T16:43:59.617996" elapsed="0.000052"/>
</kw>
<kw name="Open Browser" owner="SeleniumLibrary">
<msg time="2025-03-17T16:43:59.618185" level="INFO">Opening browser 'chrome' to base url 'https://localhost:3000'.</msg>
<arg>${URL}</arg>
<arg>chrome</arg>
<arg>options=${CHROME_OPTIONS}</arg>
<doc>Opens a new browser instance to the optional ``url``.</doc>
<status status="PASS" start="2025-03-17T16:43:59.618096" elapsed="1.540504"/>
</kw>
<kw name="Wait Until Element Is Visible" owner="SeleniumLibrary">
<arg>id=details-button</arg>
<arg>timeout=10s</arg>
<doc>Waits until the element ``locator`` is visible.</doc>
<status status="PASS" start="2025-03-17T16:44:01.158734" elapsed="0.014032"/>
</kw>
<kw name="Click Element" owner="SeleniumLibrary">
<msg time="2025-03-17T16:44:01.173008" level="INFO">Clicking element 'id=details-button'.</msg>
<arg>id=details-button</arg>
<doc>Click the element identified by ``locator``.</doc>
<status status="PASS" start="2025-03-17T16:44:01.172887" elapsed="0.036007"/>
</kw>
<kw name="Wait Until Element Is Visible" owner="SeleniumLibrary">
<arg>id=proceed-link</arg>
<arg>timeout=10s</arg>
<doc>Waits until the element ``locator`` is visible.</doc>
<status status="PASS" start="2025-03-17T16:44:01.209020" elapsed="0.011917"/>
</kw>
<kw name="Click Element" owner="SeleniumLibrary">
<msg time="2025-03-17T16:44:01.221174" level="INFO">Clicking element 'id=proceed-link'.</msg>
<arg>id=proceed-link</arg>
<doc>Click the element identified by ``locator``.</doc>
<status status="PASS" start="2025-03-17T16:44:01.221059" elapsed="1.082965"/>
</kw>
<kw name="Title Should Be" owner="SeleniumLibrary">
<msg time="2025-03-17T16:44:02.327245" level="INFO">Page title is 'MIXAP'.</msg>
<arg>MIXAP</arg>
<arg>timeout 10s</arg>
<doc>Verifies that the current page title equals ``title``.</doc>
<status status="PASS" start="2025-03-17T16:44:02.304209" elapsed="0.023102"/>
</kw>
<kw name="Wait Until Element Is Visible" owner="SeleniumLibrary">
<arg>xpath=//button[span[text()='Activity']]</arg>
<doc>Waits until the element ``locator`` is visible.</doc>
<status status="PASS" start="2025-03-17T16:44:02.327424" elapsed="0.255962"/>
</kw>
<doc>ouvre le site avec le navigateur chrome en suivant les paramètres</doc>
<status status="PASS" start="2025-03-17T16:43:59.617055" elapsed="2.966427"/>
</kw>
<kw name="Create Activity" owner="ressources">
<kw name="Click Element" owner="SeleniumLibrary">
<msg time="2025-03-17T16:44:02.584418" level="INFO">Clicking element 'xpath=//button[span[text()='Activity']]'.</msg>
<arg>xpath=//button[span[text()='Activity']]</arg>
<doc>Click the element identified by ``locator``.</doc>
<status status="PASS" start="2025-03-17T16:44:02.584257" elapsed="0.059346"/>
</kw>
<kw name="Wait Until Element Is Visible" owner="SeleniumLibrary">
<arg>xpath=//div[h5[text()='Image Augmentation']]</arg>
<doc>Waits until the element ``locator`` is visible.</doc>
<status status="PASS" start="2025-03-17T16:44:02.643748" elapsed="0.231702"/>
</kw>
<doc>clic sur le bouton création d'activité</doc>
<status status="PASS" start="2025-03-17T16:44:02.584019" elapsed="0.291502"/>
</kw>
<status status="PASS" start="2025-03-17T16:43:59.616587" elapsed="3.259168"/>
</test>
<test id="s1-s4-t2" name="Select Type" line="20">
<kw name="Select Activity Type" owner="ressources">
<kw name="Click Element" owner="SeleniumLibrary">
<msg time="2025-03-17T16:44:02.876566" level="INFO">Clicking element 'xpath=//div[h5[text()='Associating 2 Images']]'.</msg>
<arg>xpath=//div[h5[text()='${activity_type}']]</arg>
<doc>Click the element identified by ``locator``.</doc>
<status status="PASS" start="2025-03-17T16:44:02.876454" elapsed="0.088439"/>
</kw>
<kw name="Wait Until Element Is Visible" owner="SeleniumLibrary">
<arg>xpath=//span[@id='title_editor']/div[@role='button']</arg>
<doc>Waits until the element ``locator`` is visible.</doc>
<status status="PASS" start="2025-03-17T16:44:02.965033" elapsed="0.042315"/>
</kw>
<arg>Associating 2 Images</arg>
<doc>Select the activity type using a parameter</doc>
<status status="PASS" start="2025-03-17T16:44:02.876300" elapsed="0.131129"/>
</kw>
<status status="PASS" start="2025-03-17T16:44:02.876074" elapsed="0.131575"/>
</test>
<test id="s1-s4-t3" name="Edit activity details" line="23">
<kw name="Edit Activity Title" owner="ressources">
<kw name="Click Element" owner="SeleniumLibrary">
<msg time="2025-03-17T16:44:03.008433" level="INFO">Clicking element 'xpath=//span[@id='title_editor']/div[@role='button']'.</msg>
<arg>xpath=//span[@id='title_editor']/div[@role='button']</arg>
<doc>Click the element identified by ``locator``.</doc>
<status status="PASS" start="2025-03-17T16:44:03.008345" elapsed="0.243008"/>
</kw>
<kw name="Wait Until Element Is Visible" owner="SeleniumLibrary">
<arg>xpath=//textarea[not(contains(@style, 'visibility:hidden'))]</arg>
<arg>5s</arg>
<doc>Waits until the element ``locator`` is visible.</doc>
<status status="PASS" start="2025-03-17T16:44:03.251482" elapsed="0.032853"/>
</kw>
<kw name="Execute Javascript" owner="SeleniumLibrary">
<msg time="2025-03-17T16:44:03.284745" level="INFO">Executing JavaScript:
document.querySelector("textarea:not([style*='visibility:hidden'])").value = "activité numéro 1";
Without any arguments.</msg>
<arg>document.querySelector("textarea:not([style*='visibility:hidden'])").value = "${title}";</arg>
<doc>Executes the given JavaScript code with possible arguments.</doc>
<status status="PASS" start="2025-03-17T16:44:03.284460" elapsed="0.002687"/>
</kw>
<kw name="Press Keys" owner="SeleniumLibrary">
<msg time="2025-03-17T16:44:03.287436" level="INFO">Sending key(s) ('RETURN',) to xpath=//textarea[not(contains(@style, 'visibility:hidden'))] element.</msg>
<msg time="2025-03-17T16:44:03.558768" level="INFO">Pressing special key RETURN to element.</msg>
<msg time="2025-03-17T16:44:03.558817" level="INFO">Releasing special key RETURN.</msg>
<arg>xpath=//textarea[not(contains(@style, 'visibility:hidden'))]</arg>
<arg>RETURN</arg>
<doc>Simulates the user pressing key(s) to an element or on the active browser.</doc>
<status status="PASS" start="2025-03-17T16:44:03.287246" elapsed="0.283005"/>
</kw>
<kw name="Sleep" owner="BuiltIn">
<msg time="2025-03-17T16:44:05.570721" level="INFO">Slept 2 seconds.</msg>
<arg>2</arg>
<doc>Pauses the test executed for the given time.</doc>
<status status="PASS" start="2025-03-17T16:44:03.570377" elapsed="2.000417"/>
</kw>
<arg>activité numéro 1</arg>
<status status="PASS" start="2025-03-17T16:44:03.008179" elapsed="2.562678"/>
</kw>
<kw name="Edit Activity Instructions" owner="ressources">
<kw name="Click Element" owner="SeleniumLibrary">
<msg time="2025-03-17T16:44:05.571758" level="INFO">Clicking element 'xpath=//span[@id='instruction_editor']/div[@role='button']'.</msg>
<arg>xpath=//span[@id='instruction_editor']/div[@role='button']</arg>
<doc>Click the element identified by ``locator``.</doc>
<status status="PASS" start="2025-03-17T16:44:05.571657" elapsed="0.063640"/>
</kw>
<kw name="Wait Until Element Is Visible" owner="SeleniumLibrary">
<arg>xpath=//textarea[not(contains(@style, 'visibility:hidden'))]</arg>
<arg>5s</arg>
<doc>Waits until the element ``locator`` is visible.</doc>
<status status="PASS" start="2025-03-17T16:44:05.635422" elapsed="0.007342"/>
</kw>
<kw name="Execute Javascript" owner="SeleniumLibrary">
<msg time="2025-03-17T16:44:05.643134" level="INFO">Executing JavaScript:
document.querySelector("textarea:not([style*='visibility:hidden'])").value = "instruction relative à l'activité numéro 1";
Without any arguments.</msg>
<arg>document.querySelector("textarea:not([style*='visibility:hidden'])").value = "${instructions}";</arg>
<doc>Executes the given JavaScript code with possible arguments.</doc>
<status status="PASS" start="2025-03-17T16:44:05.642883" elapsed="0.002717"/>
</kw>
<kw name="Press Keys" owner="SeleniumLibrary">
<msg time="2025-03-17T16:44:05.645889" level="INFO">Sending key(s) ('RETURN',) to xpath=//textarea[not(contains(@style, 'visibility:hidden'))] element.</msg>
<msg time="2025-03-17T16:44:05.926896" level="INFO">Pressing special key RETURN to element.</msg>
<msg time="2025-03-17T16:44:05.926944" level="INFO">Releasing special key RETURN.</msg>
<arg>xpath=//textarea[not(contains(@style, 'visibility:hidden'))]</arg>
<arg>RETURN</arg>
<doc>Simulates the user pressing key(s) to an element or on the active browser.</doc>
<status status="PASS" start="2025-03-17T16:44:05.645702" elapsed="0.290707"/>
</kw>
<kw name="Sleep" owner="BuiltIn">
<msg time="2025-03-17T16:44:07.936727" level="INFO">Slept 2 seconds.</msg>
<arg>2</arg>
<doc>Pauses the test executed for the given time.</doc>
<status status="PASS" start="2025-03-17T16:44:05.936578" elapsed="2.000224"/>
</kw>
<arg>instruction relative à l'activité numéro 1</arg>
<status status="PASS" start="2025-03-17T16:44:05.571471" elapsed="2.365403"/>
</kw>
<kw name="Edit Activity Description" owner="ressources">
<kw name="Click Element" owner="SeleniumLibrary">
<msg time="2025-03-17T16:44:07.938029" level="INFO">Clicking element 'xpath=//span[@id='description_editor']/div[@role='button']'.</msg>
<arg>xpath=//span[@id='description_editor']/div[@role='button']</arg>
<doc>Click the element identified by ``locator``.</doc>
<status status="PASS" start="2025-03-17T16:44:07.937938" elapsed="0.051649"/>
</kw>
<kw name="Wait Until Element Is Visible" owner="SeleniumLibrary">
<arg>xpath=//textarea[not(contains(@style, 'visibility:hidden'))]</arg>
<arg>5s</arg>
<doc>Waits until the element ``locator`` is visible.</doc>
<status status="PASS" start="2025-03-17T16:44:07.989717" elapsed="0.007459"/>
</kw>
<kw name="Execute Javascript" owner="SeleniumLibrary">
<msg time="2025-03-17T16:44:07.997558" level="INFO">Executing JavaScript:
document.querySelector("textarea:not([style*='visibility:hidden'])").value = "description de l'activité numéro 1";
Without any arguments.</msg>
<arg>document.querySelector("textarea:not([style*='visibility:hidden'])").value = "${description}";</arg>
<doc>Executes the given JavaScript code with possible arguments.</doc>
<status status="PASS" start="2025-03-17T16:44:07.997293" elapsed="0.003332"/>
</kw>
<kw name="Press Keys" owner="SeleniumLibrary">
<msg time="2025-03-17T16:44:08.000940" level="INFO">Sending key(s) ('RETURN',) to xpath=//textarea[not(contains(@style, 'visibility:hidden'))] element.</msg>
<msg time="2025-03-17T16:44:08.280859" level="INFO">Pressing special key RETURN to element.</msg>
<msg time="2025-03-17T16:44:08.280907" level="INFO">Releasing special key RETURN.</msg>
<arg>xpath=//textarea[not(contains(@style, 'visibility:hidden'))]</arg>
<arg>RETURN</arg>
<doc>Simulates the user pressing key(s) to an element or on the active browser.</doc>
<status status="PASS" start="2025-03-17T16:44:08.000733" elapsed="0.290012"/>
</kw>
<kw name="Sleep" owner="BuiltIn">
<msg time="2025-03-17T16:44:10.291080" level="INFO">Slept 2 seconds.</msg>
<arg>2</arg>
<doc>Pauses the test executed for the given time.</doc>
<status status="PASS" start="2025-03-17T16:44:08.290873" elapsed="2.000284"/>
</kw>
<arg>description de l'activité numéro 1</arg>
<status status="PASS" start="2025-03-17T16:44:07.937319" elapsed="2.353906"/>
</kw>
<kw name="Next button" owner="ressources">
<kw name="Wait Until Element Is Visible" owner="SeleniumLibrary">
<arg>xpath=//button[span/span[contains(@class, 'anticon-arrow-right')]]</arg>
<arg>5s</arg>
<doc>Waits until the element ``locator`` is visible.</doc>
<status status="PASS" start="2025-03-17T16:44:10.291609" elapsed="0.008033"/>
</kw>
<kw name="Click Element" owner="SeleniumLibrary">
<msg time="2025-03-17T16:44:10.299891" level="INFO">Clicking element 'xpath=//button[span/span[contains(@class, 'anticon-arrow-right')]]'.</msg>
<arg>xpath=//button[span/span[contains(@class, 'anticon-arrow-right')]]</arg>
<doc>Click the element identified by ``locator``.</doc>
<status status="PASS" start="2025-03-17T16:44:10.299791" elapsed="0.043327"/>
</kw>
<doc>clic sur le bouton suivant en bas a droite de l'application pour passer a l'étape suivante.</doc>
<status status="PASS" start="2025-03-17T16:44:10.291460" elapsed="0.051731"/>
</kw>
<status status="PASS" start="2025-03-17T16:44:03.007946" elapsed="7.335449"/>
</test>
<test id="s1-s4-t4" name="Snap the landscape" line="29">
<kw name="Sleep" owner="BuiltIn">
<msg time="2025-03-17T16:44:12.344188" level="INFO">Slept 2 seconds.</msg>
<arg>2s</arg>
<doc>Pauses the test executed for the given time.</doc>
<status status="PASS" start="2025-03-17T16:44:10.343967" elapsed="2.000300"/>
</kw>
<kw name="Snap the background" owner="ressources">
<kw name="Sleep" owner="BuiltIn">
<msg time="2025-03-17T16:44:14.345392" level="INFO">Slept 2 seconds.</msg>
<arg>2s</arg>
<doc>Pauses the test executed for the given time.</doc>
<status status="PASS" start="2025-03-17T16:44:12.344769" elapsed="2.000695"/>
</kw>
<kw name="Wait Until Element Is Visible" owner="SeleniumLibrary">
<arg>xpath=//button[.//span[contains(@class, 'anticon-camera')]]</arg>
<doc>Waits until the element ``locator`` is visible.</doc>
<status status="PASS" start="2025-03-17T16:44:14.345572" elapsed="0.010325"/>
</kw>
<kw name="Click Element" owner="SeleniumLibrary">
<msg time="2025-03-17T16:44:14.356158" level="INFO">Clicking element 'xpath=//button[.//span[contains(@class, 'anticon-camera')]]'.</msg>
<arg>xpath=//button[.//span[contains(@class, 'anticon-camera')]]</arg>
<doc>Click the element identified by ``locator``.</doc>
<status status="PASS" start="2025-03-17T16:44:14.356008" elapsed="0.038225"/>
</kw>
<kw name="Sleep" owner="BuiltIn">
<msg time="2025-03-17T16:44:17.395093" level="INFO">Slept 3 seconds.</msg>
<arg>3s</arg>
<doc>Pauses the test executed for the given time.</doc>
<status status="PASS" start="2025-03-17T16:44:14.394417" elapsed="3.000752"/>
</kw>
<kw name="Click Element" owner="SeleniumLibrary">
<msg time="2025-03-17T16:44:17.395451" level="INFO">Clicking element 'xpath=//div[contains(@class, 'ant-space')]/div[2]//button[.//span[contains(@class, 'anticon-camera')]]'.</msg>
<arg>xpath=//div[contains(@class, 'ant-space')]/div[2]//button[.//span[contains(@class, 'anticon-camera')]]</arg>
<doc>Click the element identified by ``locator``.</doc>
<status status="PASS" start="2025-03-17T16:44:17.395313" elapsed="0.059999"/>
</kw>
<doc>take the photo of the background used to display medias on</doc>
<status status="PASS" start="2025-03-17T16:44:12.344586" elapsed="5.110808"/>
</kw>
<kw name="Validate the image" owner="ressources">
<kw name="Wait Until Element Is Visible" owner="SeleniumLibrary">
<arg>xpath=//button[.//span[contains(@class, 'anticon-check')]]</arg>
<arg>10s</arg>
<doc>Waits until the element ``locator`` is visible.</doc>
<status status="PASS" start="2025-03-17T16:44:17.455798" elapsed="0.032458"/>
</kw>
<kw name="Click Element" owner="SeleniumLibrary">
<msg time="2025-03-17T16:44:17.488483" level="INFO">Clicking element 'xpath=//button[.//span[contains(@class, 'anticon-check')]]'.</msg>
<arg>xpath=//button[.//span[contains(@class, 'anticon-check')]]</arg>
<doc>Click the element identified by ``locator``.</doc>
<status status="PASS" start="2025-03-17T16:44:17.488372" elapsed="0.069283"/>
</kw>
<doc>click on the validation button to send the background image</doc>
<status status="PASS" start="2025-03-17T16:44:17.455631" elapsed="0.102101"/>
</kw>
<status status="PASS" start="2025-03-17T16:44:10.343743" elapsed="7.214156"/>
</test>
<test id="s1-s4-t5" name="upload the 2nd image" line="33">
<kw name="Next button" owner="ressources">
<kw name="Wait Until Element Is Visible" owner="SeleniumLibrary">
<arg>xpath=//button[span/span[contains(@class, 'anticon-arrow-right')]]</arg>
<arg>5s</arg>
<doc>Waits until the element ``locator`` is visible.</doc>
<status status="PASS" start="2025-03-17T16:44:17.558825" elapsed="0.013106"/>
</kw>
<kw name="Click Element" owner="SeleniumLibrary">
<msg time="2025-03-17T16:44:17.572167" level="INFO">Clicking element 'xpath=//button[span/span[contains(@class, 'anticon-arrow-right')]]'.</msg>
<arg>xpath=//button[span/span[contains(@class, 'anticon-arrow-right')]]</arg>
<doc>Click the element identified by ``locator``.</doc>
<status status="PASS" start="2025-03-17T16:44:17.572044" elapsed="0.281192"/>
</kw>
<doc>clic sur le bouton suivant en bas a droite de l'application pour passer a l'étape suivante.</doc>
<status status="PASS" start="2025-03-17T16:44:17.558686" elapsed="0.294628"/>
</kw>
<kw name="Click Button" owner="SeleniumLibrary">
<msg time="2025-03-17T16:44:17.853699" level="INFO">Clicking button 'xpath=//button[span[contains(text(), 'Add image number 2')]]'.</msg>
<arg>xpath=//button[span[contains(text(), 'Add image number 2')]]</arg>
<doc>Clicks the button identified by ``locator``.</doc>
<status status="PASS" start="2025-03-17T16:44:17.853559" elapsed="0.073061"/>
</kw>
<kw name="Wait Until Element Is Visible" owner="SeleniumLibrary">
<arg>xpath=//button[contains(., 'Click here to upload an image.')]</arg>
<arg>10s</arg>
<doc>Waits until the element ``locator`` is visible.</doc>
<status status="PASS" start="2025-03-17T16:44:17.926896" elapsed="0.217231"/>
</kw>
<kw name="Choose File" owner="SeleniumLibrary">
<msg time="2025-03-17T16:44:18.144603" level="INFO">Sending D:\Admin\Documents\GitHub\mixap\tests\assets\annoter.png to browser.</msg>
<arg>xpath=//input[@type='file']</arg>
<arg>${EXECDIR}/tests/assets/annoter.png</arg>
<doc>Inputs the ``file_path`` into the file input field ``locator``.</doc>
<status status="PASS" start="2025-03-17T16:44:18.144420" elapsed="0.042769"/>
</kw>
<doc>upload the 2nd image using button and uploading methods, test could fail if you start them inside the /tests/ folder instead of the main folder due to the path management.</doc>
<status status="PASS" start="2025-03-17T16:44:17.558301" elapsed="0.629163"/>
</test>
<test id="s1-s4-t6" name="validate the media" line="43">
<kw name="Next button" owner="ressources">
<kw name="Wait Until Element Is Visible" owner="SeleniumLibrary">
<arg>xpath=//button[span/span[contains(@class, 'anticon-arrow-right')]]</arg>
<arg>5s</arg>
<doc>Waits until the element ``locator`` is visible.</doc>
<status status="PASS" start="2025-03-17T16:44:18.188188" elapsed="0.021258"/>
</kw>
<kw name="Click Element" owner="SeleniumLibrary">
<msg time="2025-03-17T16:44:18.209663" level="INFO">Clicking element 'xpath=//button[span/span[contains(@class, 'anticon-arrow-right')]]'.</msg>
<arg>xpath=//button[span/span[contains(@class, 'anticon-arrow-right')]]</arg>
<doc>Click the element identified by ``locator``.</doc>
<status status="PASS" start="2025-03-17T16:44:18.209560" elapsed="0.032407"/>
</kw>
<doc>clic sur le bouton suivant en bas a droite de l'application pour passer a l'étape suivante.</doc>
<status status="PASS" start="2025-03-17T16:44:18.188037" elapsed="0.054007"/>
</kw>
<kw name="Validation button" owner="ressources">
<kw name="Wait Until Element Is Visible" owner="SeleniumLibrary">
<arg>xpath=//button[@id='next_button']</arg>
<arg>15s</arg>
<doc>Waits until the element ``locator`` is visible.</doc>
<status status="PASS" start="2025-03-17T16:44:18.242599" elapsed="5.504356"/>
</kw>
<kw name="Click Element" owner="SeleniumLibrary">
<msg time="2025-03-17T16:44:23.747269" level="INFO">Clicking element 'xpath=//button[@id='next_button']'.</msg>
<arg>xpath=//button[@id='next_button']</arg>
<doc>Click the element identified by ``locator``.</doc>
<status status="PASS" start="2025-03-17T16:44:23.747109" elapsed="0.083007"/>
</kw>
<doc>click on the validation when rating the background picture</doc>
<status status="PASS" start="2025-03-17T16:44:18.242441" elapsed="5.587819"/>
</kw>
<kw name="Next button" owner="ressources">
<kw name="Wait Until Element Is Visible" owner="SeleniumLibrary">
<arg>xpath=//button[span/span[contains(@class, 'anticon-arrow-right')]]</arg>
<arg>5s</arg>
<doc>Waits until the element ``locator`` is visible.</doc>
<status status="PASS" start="2025-03-17T16:44:23.830803" elapsed="0.030810"/>
</kw>
<kw name="Click Element" owner="SeleniumLibrary">
<msg time="2025-03-17T16:44:23.861846" level="INFO">Clicking element 'xpath=//button[span/span[contains(@class, 'anticon-arrow-right')]]'.</msg>
<arg>xpath=//button[span/span[contains(@class, 'anticon-arrow-right')]]</arg>
<doc>Click the element identified by ``locator``.</doc>
<status status="PASS" start="2025-03-17T16:44:23.861738" elapsed="0.303805"/>
</kw>
<doc>clic sur le bouton suivant en bas a droite de l'application pour passer a l'étape suivante.</doc>
<status status="PASS" start="2025-03-17T16:44:23.830620" elapsed="0.335004"/>
</kw>
<status status="PASS" start="2025-03-17T16:44:18.187796" elapsed="5.978347"/>
</test>
<test id="s1-s4-t7" name="display augementation" line="48">
<kw name="Sleep" owner="BuiltIn">
<msg time="2025-03-17T16:44:29.167181" level="INFO">Slept 5 seconds.</msg>
<arg>5s</arg>
<doc>Pauses the test executed for the given time.</doc>
<status status="PASS" start="2025-03-17T16:44:24.166860" elapsed="5.000416"/>
</kw>
<kw name="Run Keyword And Ignore Error" owner="BuiltIn">
<kw name="Wait for detection" owner="ressources">
<kw name="Wait Until Element Is Not Visible" owner="SeleniumLibrary">
<msg time="2025-03-17T16:44:54.515382" level="INFO" html="true">&lt;/td&gt;&lt;/tr&gt;&lt;tr&gt;&lt;td colspan="3"&gt;&lt;a href="selenium-screenshot-31.png"&gt;&lt;img src="selenium-screenshot-31.png" width="800px"&gt;&lt;/a&gt;</msg>
<msg time="2025-03-17T16:44:54.516126" level="FAIL">Element 'xpath=//span[contains(text(), 'Place the image in the frame')]' still visible after 25 seconds.</msg>
<arg>xpath=//span[contains(text(), 'Place the image in the frame')]</arg>
<arg>timeout=25s</arg>
<doc>Waits until the element ``locator`` is not visible.</doc>
<status status="FAIL" start="2025-03-17T16:44:29.167900" elapsed="25.348828">Element 'xpath=//span[contains(text(), 'Place the image in the frame')]' still visible after 25 seconds.</status>
</kw>
<doc>wait for the augementation to be detected using the visibility of instructions</doc>
<status status="FAIL" start="2025-03-17T16:44:29.167743" elapsed="25.349086">Element 'xpath=//span[contains(text(), 'Place the image in the frame')]' still visible after 25 seconds.</status>
</kw>
<msg time="2025-03-17T16:44:54.516907" level="INFO">${status} = FAIL</msg>
<msg time="2025-03-17T16:44:54.516929" level="INFO">${message} = Element 'xpath=//span[contains(text(), 'Place the image in the frame')]' still visible after 25 seconds.</msg>
<var>${status}</var>
<var>${message}</var>
<arg>Wait for detection</arg>
<doc>Runs the given keyword with the given arguments and ignores possible error.</doc>
<status status="PASS" start="2025-03-17T16:44:29.167588" elapsed="25.349352"/>
</kw>
<kw name="Run Keyword If" owner="BuiltIn">
<kw name="Log" owner="BuiltIn">
<msg time="2025-03-17T16:44:54.517782" level="WARN">⚠️ Expected behavior: The element is still visible after 25s miss detection.</msg>
<arg>⚠️ Expected behavior: The element is still visible after 25s miss detection.</arg>
<arg>WARN</arg>
<doc>Logs the given message with the given level.</doc>
<status status="PASS" start="2025-03-17T16:44:54.517701" elapsed="0.000313"/>
</kw>
<arg>'${status}' == 'FAIL'</arg>
<arg>Log</arg>
<arg>⚠️ Expected behavior: The element is still visible after 25s miss detection.</arg>
<arg>WARN</arg>
<doc>Runs the given keyword with the given arguments, if ``condition`` is true.</doc>
<status status="PASS" start="2025-03-17T16:44:54.517501" elapsed="0.000564"/>
</kw>
<kw name="Click home button" owner="ressources">
[...]
<kw name="Call Method" owner="BuiltIn">
<arg>${options}</arg>
<arg>add_experimental_option</arg>
<arg>prefs</arg>
<arg>${prefs}</arg>
<doc>Calls the named method of the given object with the provided arguments.</doc>
<status status="PASS" start="2025-03-17T16:50:20.999344" elapsed="0.000065"/>
</kw>
<return>
<value>${options}</value>
<status status="PASS" start="2025-03-17T16:50:20.999440" elapsed="0.000022"/>
</return>
<msg time="2025-03-17T16:50:20.999518" level="INFO">${chrome_options} = &lt;selenium.webdriver.chrome.options.Options object at 0x000001A18D7D4650&gt;</msg>
<var>${chrome_options}</var>
<doc>Défini les paramètres du navigateur au besoin décommenter la ligne pour utiliser un flux caméra fictif</doc>
<status status="PASS" start="2025-03-17T16:50:20.998716" elapsed="0.000815"/>
</kw>
<kw name="Close All Browsers" owner="SeleniumLibrary">
<doc>Closes all open browsers and resets the browser cache.</doc>
<status status="PASS" start="2025-03-17T16:50:20.999579" elapsed="2.142007"/>
</kw>
<kw name="Open Browser" owner="SeleniumLibrary">
<msg time="2025-03-17T16:50:23.141930" level="INFO">Opening browser 'chrome' to base url 'https://localhost:3000'.</msg>
<arg>${URL}</arg>
<arg>chrome</arg>
<arg>options=${CHROME_OPTIONS}</arg>
<doc>Opens a new browser instance to the optional ``url``.</doc>
<status status="PASS" start="2025-03-17T16:50:23.141756" elapsed="1.494671"/>
</kw>
<kw name="Wait Until Element Is Visible" owner="SeleniumLibrary">
<arg>id=details-button</arg>
<arg>timeout=10s</arg>
<doc>Waits until the element ``locator`` is visible.</doc>
<status status="PASS" start="2025-03-17T16:50:24.636579" elapsed="0.015834"/>
</kw>
<kw name="Click Element" owner="SeleniumLibrary">
<msg time="2025-03-17T16:50:24.652659" level="INFO">Clicking element 'id=details-button'.</msg>
<arg>id=details-button</arg>
<doc>Click the element identified by ``locator``.</doc>
<status status="PASS" start="2025-03-17T16:50:24.652540" elapsed="0.039218"/>
</kw>
<kw name="Wait Until Element Is Visible" owner="SeleniumLibrary">
<arg>id=proceed-link</arg>
<arg>timeout=10s</arg>
<doc>Waits until the element ``locator`` is visible.</doc>
<status status="PASS" start="2025-03-17T16:50:24.691886" elapsed="0.012879"/>
</kw>
<kw name="Click Element" owner="SeleniumLibrary">
<msg time="2025-03-17T16:50:24.705021" level="INFO">Clicking element 'id=proceed-link'.</msg>
<arg>id=proceed-link</arg>
<doc>Click the element identified by ``locator``.</doc>
<status status="PASS" start="2025-03-17T16:50:24.704894" elapsed="1.167311"/>
</kw>
<kw name="Title Should Be" owner="SeleniumLibrary">
<msg time="2025-03-17T16:50:25.894884" level="INFO">Page title is 'MIXAP'.</msg>
<arg>MIXAP</arg>
<arg>timeout 10s</arg>
<doc>Verifies that the current page title equals ``title``.</doc>
<status status="PASS" start="2025-03-17T16:50:25.872341" elapsed="0.022629"/>
</kw>
<kw name="Wait Until Element Is Visible" owner="SeleniumLibrary">
<arg>xpath=//button[span[text()='Activity']]</arg>
<doc>Waits until the element ``locator`` is visible.</doc>
<status status="PASS" start="2025-03-17T16:50:25.895110" elapsed="0.248721"/>
</kw>
<doc>ouvre le site avec le navigateur chrome en suivant les paramètres</doc>
<status status="PASS" start="2025-03-17T16:50:20.998573" elapsed="5.145335"/>
</kw>
<kw name="Create Activity" owner="ressources">
<kw name="Click Element" owner="SeleniumLibrary">
<msg time="2025-03-17T16:50:26.144454" level="INFO">Clicking element 'xpath=//button[span[text()='Activity']]'.</msg>
<arg>xpath=//button[span[text()='Activity']]</arg>
<doc>Click the element identified by ``locator``.</doc>
<status status="PASS" start="2025-03-17T16:50:26.144353" elapsed="0.057317"/>
</kw>
<kw name="Wait Until Element Is Visible" owner="SeleniumLibrary">
<arg>xpath=//div[h5[text()='Image Augmentation']]</arg>
<doc>Waits until the element ``locator`` is visible.</doc>
<status status="PASS" start="2025-03-17T16:50:26.201803" elapsed="0.232491"/>
</kw>
<doc>clic sur le bouton création d'activité</doc>
<status status="PASS" start="2025-03-17T16:50:26.144185" elapsed="0.290183"/>
</kw>
<status status="PASS" start="2025-03-17T16:50:20.998346" elapsed="5.436199"/>
</test>
<test id="s1-s10-t2" name="Select Type" line="16">
<kw name="Select Activity Type" owner="ressources">
<kw name="Click Element" owner="SeleniumLibrary">
<msg time="2025-03-17T16:50:26.435344" level="INFO">Clicking element 'xpath=//div[h5[text()='Image Augmentation']]'.</msg>
<arg>xpath=//div[h5[text()='${activity_type}']]</arg>
<doc>Click the element identified by ``locator``.</doc>
<status status="PASS" start="2025-03-17T16:50:26.435235" elapsed="0.051722"/>
</kw>
<kw name="Wait Until Element Is Visible" owner="SeleniumLibrary">
<arg>xpath=//span[@id='title_editor']/div[@role='button']</arg>
<doc>Waits until the element ``locator`` is visible.</doc>
<status status="PASS" start="2025-03-17T16:50:26.487088" elapsed="0.045605"/>
</kw>
<arg>Image Augmentation</arg>
<doc>Select the activity type using a parameter</doc>
<status status="PASS" start="2025-03-17T16:50:26.435086" elapsed="0.097687"/>
</kw>
<status status="PASS" start="2025-03-17T16:50:26.434869" elapsed="0.098096"/>
</test>
<test id="s1-s10-t3" name="Snap the background" line="19">
<kw name="Next button" owner="ressources">
<kw name="Wait Until Element Is Visible" owner="SeleniumLibrary">
<arg>xpath=//button[span/span[contains(@class, 'anticon-arrow-right')]]</arg>
<arg>5s</arg>
<doc>Waits until the element ``locator`` is visible.</doc>
<status status="PASS" start="2025-03-17T16:50:26.533732" elapsed="0.009156"/>
</kw>
<kw name="Click Element" owner="SeleniumLibrary">
<msg time="2025-03-17T16:50:26.543264" level="INFO">Clicking element 'xpath=//button[span/span[contains(@class, 'anticon-arrow-right')]]'.</msg>
<arg>xpath=//button[span/span[contains(@class, 'anticon-arrow-right')]]</arg>
<doc>Click the element identified by ``locator``.</doc>
<status status="PASS" start="2025-03-17T16:50:26.543135" elapsed="0.222982"/>
</kw>
<doc>clic sur le bouton suivant en bas a droite de l'application pour passer a l'étape suivante.</doc>
<status status="PASS" start="2025-03-17T16:50:26.533589" elapsed="0.232608"/>
</kw>
<kw name="Snap the background" owner="ressources">
<kw name="Sleep" owner="BuiltIn">
<msg time="2025-03-17T16:50:28.767066" level="INFO">Slept 2 seconds.</msg>
<arg>2s</arg>
<doc>Pauses the test executed for the given time.</doc>
<status status="PASS" start="2025-03-17T16:50:26.766618" elapsed="2.000527"/>
</kw>
<kw name="Wait Until Element Is Visible" owner="SeleniumLibrary">
<arg>xpath=//button[.//span[contains(@class, 'anticon-camera')]]</arg>
<doc>Waits until the element ``locator`` is visible.</doc>
<status status="PASS" start="2025-03-17T16:50:28.767264" elapsed="0.009934"/>
</kw>
<kw name="Click Element" owner="SeleniumLibrary">
<msg time="2025-03-17T16:50:28.777424" level="INFO">Clicking element 'xpath=//button[.//span[contains(@class, 'anticon-camera')]]'.</msg>
<arg>xpath=//button[.//span[contains(@class, 'anticon-camera')]]</arg>
<doc>Click the element identified by ``locator``.</doc>
<status status="PASS" start="2025-03-17T16:50:28.777316" elapsed="0.066014"/>
</kw>
<kw name="Sleep" owner="BuiltIn">
<msg time="2025-03-17T16:50:31.843766" level="INFO">Slept 3 seconds.</msg>
<arg>3s</arg>
<doc>Pauses the test executed for the given time.</doc>
<status status="PASS" start="2025-03-17T16:50:28.843458" elapsed="3.000380"/>
</kw>
<kw name="Click Element" owner="SeleniumLibrary">
<msg time="2025-03-17T16:50:31.844064" level="INFO">Clicking element 'xpath=//div[contains(@class, 'ant-space')]/div[2]//button[.//span[contains(@class, 'anticon-camera')]]'.</msg>
<arg>xpath=//div[contains(@class, 'ant-space')]/div[2]//button[.//span[contains(@class, 'anticon-camera')]]</arg>
<doc>Click the element identified by ``locator``.</doc>
<status status="PASS" start="2025-03-17T16:50:31.843948" elapsed="0.059798"/>
</kw>
<doc>take the photo of the background used to display medias on</doc>
<status status="PASS" start="2025-03-17T16:50:26.766428" elapsed="5.137397"/>
</kw>
<kw name="Validate the image" owner="ressources">
<kw name="Wait Until Element Is Visible" owner="SeleniumLibrary">
<arg>xpath=//button[.//span[contains(@class, 'anticon-check')]]</arg>
<arg>10s</arg>
<doc>Waits until the element ``locator`` is visible.</doc>
<status status="PASS" start="2025-03-17T16:50:31.904224" elapsed="0.031742"/>
</kw>
<kw name="Click Element" owner="SeleniumLibrary">
<msg time="2025-03-17T16:50:31.936210" level="INFO">Clicking element 'xpath=//button[.//span[contains(@class, 'anticon-check')]]'.</msg>
<arg>xpath=//button[.//span[contains(@class, 'anticon-check')]]</arg>
<doc>Click the element identified by ``locator``.</doc>
<status status="PASS" start="2025-03-17T16:50:31.936092" elapsed="0.054345"/>
</kw>
<doc>click on the validation button to send the background image</doc>
<status status="PASS" start="2025-03-17T16:50:31.904054" elapsed="0.086461"/>
</kw>
<kw name="Next button" owner="ressources">
<kw name="Wait Until Element Is Visible" owner="SeleniumLibrary">
<arg>xpath=//button[span/span[contains(@class, 'anticon-arrow-right')]]</arg>
<arg>5s</arg>
<doc>Waits until the element ``locator`` is visible.</doc>
<status status="PASS" start="2025-03-17T16:50:31.990925" elapsed="0.030813"/>
</kw>
<kw name="Click Element" owner="SeleniumLibrary">
<msg time="2025-03-17T16:50:32.021982" level="INFO">Clicking element 'xpath=//button[span/span[contains(@class, 'anticon-arrow-right')]]'.</msg>
<arg>xpath=//button[span/span[contains(@class, 'anticon-arrow-right')]]</arg>
<doc>Click the element identified by ``locator``.</doc>
<status status="PASS" start="2025-03-17T16:50:32.021865" elapsed="0.273785"/>
</kw>
<doc>clic sur le bouton suivant en bas a droite de l'application pour passer a l'étape suivante.</doc>
<status status="PASS" start="2025-03-17T16:50:31.990759" elapsed="0.304981"/>
</kw>
<kw name="Validation button" owner="ressources">
<kw name="Wait Until Element Is Visible" owner="SeleniumLibrary">
<arg>xpath=//button[@id='next_button']</arg>
<arg>15s</arg>
<doc>Waits until the element ``locator`` is visible.</doc>
<status status="PASS" start="2025-03-17T16:50:32.296189" elapsed="3.434170"/>
</kw>
<kw name="Click Element" owner="SeleniumLibrary">
<msg time="2025-03-17T16:50:35.730662" level="INFO">Clicking element 'xpath=//button[@id='next_button']'.</msg>
<arg>xpath=//button[@id='next_button']</arg>
<doc>Click the element identified by ``locator``.</doc>
<status status="PASS" start="2025-03-17T16:50:35.730502" elapsed="0.054250"/>
</kw>
<doc>click on the validation when rating the background picture</doc>
<status status="PASS" start="2025-03-17T16:50:32.295990" elapsed="3.488843"/>
</kw>
<status status="PASS" start="2025-03-17T16:50:26.533309" elapsed="9.251753"/>
</test>
<test id="s1-s10-t4" name="Add sheet to the augmentation" line="26">
<kw name="Wait Until Element Is Visible" owner="SeleniumLibrary">
<arg>xpath=//button[.//span[contains(text(), 'Sheet')]]</arg>
<arg>15s</arg>
<doc>Waits until the element ``locator`` is visible.</doc>
<status status="PASS" start="2025-03-17T16:50:35.785565" elapsed="0.063573"/>
</kw>
<kw name="Click Element" owner="SeleniumLibrary">
<msg time="2025-03-17T16:50:35.849670" level="INFO">Clicking element 'xpath=//button[.//span[contains(text(), 'Sheet')]]'.</msg>
<arg>xpath=//button[.//span[contains(text(), 'Sheet')]]</arg>
<doc>Click the element identified by ``locator``.</doc>
<status status="PASS" start="2025-03-17T16:50:35.849501" elapsed="0.249183"/>
</kw>
<kw name="Sleep" owner="BuiltIn">
<msg time="2025-03-17T16:50:38.099377" level="INFO">Slept 2 seconds.</msg>
<arg>2</arg>
<doc>Pauses the test executed for the given time.</doc>
<status status="PASS" start="2025-03-17T16:50:36.098948" elapsed="2.000510"/>
</kw>
<kw name="Next button" owner="ressources">
<kw name="Wait Until Element Is Visible" owner="SeleniumLibrary">
<arg>xpath=//button[span/span[contains(@class, 'anticon-arrow-right')]]</arg>
<arg>5s</arg>
<doc>Waits until the element ``locator`` is visible.</doc>
<status status="PASS" start="2025-03-17T16:50:38.099924" elapsed="0.007869"/>
</kw>
<kw name="Click Element" owner="SeleniumLibrary">
<msg time="2025-03-17T16:50:38.107999" level="INFO">Clicking element 'xpath=//button[span/span[contains(@class, 'anticon-arrow-right')]]'.</msg>
<arg>xpath=//button[span/span[contains(@class, 'anticon-arrow-right')]]</arg>
<doc>Click the element identified by ``locator``.</doc>
<status status="PASS" start="2025-03-17T16:50:38.107896" elapsed="0.034636"/>
</kw>
<doc>clic sur le bouton suivant en bas a droite de l'application pour passer a l'étape suivante.</doc>
<status status="PASS" start="2025-03-17T16:50:38.099756" elapsed="0.043017"/>
</kw>
<status status="PASS" start="2025-03-17T16:50:35.785347" elapsed="2.357591"/>
</test>
<test id="s1-s10-t5" name="display augementation" line="55">
<kw name="Sleep" owner="BuiltIn">
<msg time="2025-03-17T16:50:40.143987" level="INFO">Slept 2 seconds.</msg>
<arg>2s</arg>
<doc>Pauses the test executed for the given time.</doc>
<status status="PASS" start="2025-03-17T16:50:38.143595" elapsed="2.000470"/>
</kw>
<kw name="Run Keyword And Ignore Error" owner="BuiltIn">
<kw name="Wait for detection" owner="ressources">
<kw name="Wait Until Element Is Not Visible" owner="SeleniumLibrary">
<msg time="2025-03-17T16:51:05.464836" level="INFO" html="true">&lt;/td&gt;&lt;/tr&gt;&lt;tr&gt;&lt;td colspan="3"&gt;&lt;a href="selenium-screenshot-36.png"&gt;&lt;img src="selenium-screenshot-36.png" width="800px"&gt;&lt;/a&gt;</msg>
<msg time="2025-03-17T16:51:05.464989" level="FAIL">Element 'xpath=//span[contains(text(), 'Place the image in the frame')]' still visible after 25 seconds.</msg>
<arg>xpath=//span[contains(text(), 'Place the image in the frame')]</arg>
<arg>timeout=25s</arg>
<doc>Waits until the element ``locator`` is not visible.</doc>
<status status="FAIL" start="2025-03-17T16:50:40.144704" elapsed="25.320845">Element 'xpath=//span[contains(text(), 'Place the image in the frame')]' still visible after 25 seconds.</status>
</kw>
<doc>wait for the augementation to be detected using the visibility of instructions</doc>
<status status="FAIL" start="2025-03-17T16:50:40.144556" elapsed="25.321098">Element 'xpath=//span[contains(text(), 'Place the image in the frame')]' still visible after 25 seconds.</status>
</kw>
<msg time="2025-03-17T16:51:05.465729" level="INFO">${status} = FAIL</msg>
<msg time="2025-03-17T16:51:05.465752" level="INFO">${message} = Element 'xpath=//span[contains(text(), 'Place the image in the frame')]' still visible after 25 seconds.</msg>
<var>${status}</var>
<var>${message}</var>
<arg>Wait for detection</arg>
<doc>Runs the given keyword with the given arguments and ignores possible error.</doc>
<status status="PASS" start="2025-03-17T16:50:40.144397" elapsed="25.321365"/>
</kw>
<kw name="Run Keyword If" owner="BuiltIn">
<kw name="Log" owner="BuiltIn">
<msg time="2025-03-17T16:51:05.466298" level="WARN">⚠️ Expected behavior: The element is still visible after 25s miss detection.</msg>
<arg>⚠️ Expected behavior: The element is still visible after 25s miss detection.</arg>
<arg>WARN</arg>
<doc>Logs the given message with the given level.</doc>
<status status="PASS" start="2025-03-17T16:51:05.466225" elapsed="0.000367"/>
</kw>
<arg>'${status}' == 'FAIL'</arg>
<arg>Log</arg>
<arg>⚠️ Expected behavior: The element is still visible after 25s miss detection.</arg>
<arg>WARN</arg>
<doc>Runs the given keyword with the given arguments, if ``condition`` is true.</doc>
<status status="PASS" start="2025-03-17T16:51:05.466054" elapsed="0.000595"/>
</kw>
<kw name="Click home button" owner="ressources">
<kw name="Wait Until Page Contains Element" owner="SeleniumLibrary">
<arg>xpath=//button[contains(@class, 'ant-btn-icon-only')]</arg>
<arg>timeout=5s</arg>
<doc>Waits until the element ``locator`` appears on the current page.</doc>
<status status="PASS" start="2025-03-17T16:51:05.466938" elapsed="0.021792"/>
</kw>
<kw name="Click Element" owner="SeleniumLibrary">
<msg time="2025-03-17T16:51:05.489030" level="INFO">Clicking element 'xpath=//button[contains(@class, 'ant-btn-icon-only')]'.</msg>
<arg>xpath=//button[contains(@class, 'ant-btn-icon-only')]</arg>
<doc>Click the element identified by ``locator``.</doc>
<status status="PASS" start="2025-03-17T16:51:05.488887" elapsed="0.189899"/>
</kw>
<doc>Click on the home button using the house icon</doc>
<status status="PASS" start="2025-03-17T16:51:05.466794" elapsed="0.212070"/>
</kw>
<status status="PASS" start="2025-03-17T16:50:38.143387" elapsed="27.535669"/>
</test>
<status status="PASS" start="2025-03-17T16:50:20.996560" elapsed="44.683059"/>
</suite>
<status status="PASS" start="2025-03-17T16:41:27.900461" elapsed="577.779741"/>
</suite>
<statistics>
<total>
<stat pass="50" fail="0" skip="4">All Tests</stat>
</total>
<tag>
</tag>
<suite>
<stat pass="50" fail="0" skip="4" id="s1" name="Tests">Tests</stat>
<stat pass="1" fail="0" skip="0" id="s1-s1" name="001 Open App">Tests.001 Open App</stat>
<stat pass="5" fail="0" skip="0" id="s1-s2" name="002 Create Empty Augmentation">Tests.002 Create Empty Augmentation</stat>
<stat pass="5" fail="0" skip="0" id="s1-s3" name="003 Create Empty Validation">Tests.003 Create Empty Validation</stat>
<stat pass="7" fail="0" skip="0" id="s1-s4" name="004 Create Empty Association">Tests.004 Create Empty Association</stat>
<stat pass="7" fail="0" skip="4" id="s1-s5" name="005 Create Empty Superposition">Tests.005 Create Empty Superposition</stat>
<stat pass="5" fail="0" skip="0" id="s1-s6" name="006 Create Text Augmentation">Tests.006 Create Text Augmentation</stat>
<stat pass="5" fail="0" skip="0" id="s1-s7" name="007 Create Image Augmentation">Tests.007 Create Image Augmentation</stat>
<stat pass="5" fail="0" skip="0" id="s1-s8" name="008 Create Video Augmentation">Tests.008 Create Video Augmentation</stat>
<stat pass="5" fail="0" skip="0" id="s1-s9" name="009 Create Audio Augmentation">Tests.009 Create Audio Augmentation</stat>
<stat pass="5" fail="0" skip="0" id="s1-s10" name="010 Create Sheet Augmentation">Tests.010 Create Sheet Augmentation</stat>
</suite>
</statistics>
<errors>
<msg time="2025-03-17T16:41:27.891641" level="WARN">Error in file 'D:\Admin\Documents\GitHub\mixap\tests\005_create_empty_superposition.robot' on line 107: The '[Return]' setting is deprecated. Use the 'RETURN' statement instead.</msg>
<msg time="2025-03-17T16:41:27.896333" level="WARN">Error in file 'D:\Admin\Documents\GitHub\mixap\tests\ressources.robot' on line 23: The '[Return]' setting is deprecated. Use the 'RETURN' statement instead.</msg>
<msg time="2025-03-17T16:41:45.944410" level="WARN">Error in file 'D:\Admin\Documents\GitHub\mixap\tests\ressources.robot' on line 23: The '[Return]' setting is deprecated. Use the 'RETURN' statement instead.</msg>
<msg time="2025-03-17T16:42:32.781187" level="WARN">⚠️ Expected behavior: The element is still visible after 25s miss detection.</msg>
<msg time="2025-03-17T16:43:47.222535" level="WARN">⚠️ Expected behavior: The element is still visible after 25s miss detection.</msg>
<msg time="2025-03-17T16:44:54.517782" level="WARN">⚠️ Expected behavior: The element is still visible after 25s miss detection.</msg>
<msg time="2025-03-17T16:46:50.879831" level="WARN">⚠️ Expected behavior: The element is still visible after 25s miss detection.</msg>
<msg time="2025-03-17T16:47:54.160675" level="WARN">⚠️ Expected behavior: The element is still visible after 25s miss detection.</msg>
<msg time="2025-03-17T16:48:57.406874" level="WARN">⚠️ Expected behavior: The element is still visible after 25s miss detection.</msg>
<msg time="2025-03-17T16:50:00.773512" level="WARN">⚠️ Expected behavior: The element is still visible after 25s miss detection.</msg>
<msg time="2025-03-17T16:51:05.466298" level="WARN">⚠️ Expected behavior: The element is still visible after 25s miss detection.</msg>
</errors>
</robot>
